Using pre-set license
Built from '2022.2/staging' branch; Version is '2022.2.7f1 (8331acaee5d3) revision 8597932'; Using compiler version '192829333'; Build Type 'Release'
OS: 'Windows 11  (10.0.22621) 64bit Enterprise' Language: 'en' Physical Memory: 32621 MB
BatchMode: 1, IsHumanControllingUs: 0, StartBugReporterOnCrash: 0, Is64bit: 1, IsPro: 1

COMMAND LINE ARGUMENTS:
C:\Program Files\Unity\Hub\Editor\2022.2.7f1\Editor\Unity.exe
-adb2
-batchMode
-noUpm
-name
AssetImportWorker8
-projectPath
C:/Users/mdholm/Desktop/S-CC_disaster_recovery/NSF_Disaster
-logFile
Logs/AssetImportWorker8.log
-srvPort
49988
Successfully changed project path to: C:/Users/mdholm/Desktop/S-CC_disaster_recovery/NSF_Disaster
C:/Users/mdholm/Desktop/S-CC_disaster_recovery/NSF_Disaster
[UnityMemory] Configuration Parameters - Can be set up in boot.config
    "memorysetup-bucket-allocator-granularity=16"
    "memorysetup-bucket-allocator-bucket-count=8"
    "memorysetup-bucket-allocator-block-size=33554432"
    "memorysetup-bucket-allocator-block-count=8"
    "memorysetup-main-allocator-block-size=16777216"
    "memorysetup-thread-allocator-block-size=16777216"
    "memorysetup-gfx-main-allocator-block-size=16777216"
    "memorysetup-gfx-thread-allocator-block-size=16777216"
    "memorysetup-cache-allocator-block-size=4194304"
    "memorysetup-typetree-allocator-block-size=2097152"
    "memorysetup-profiler-bucket-allocator-granularity=16"
    "memorysetup-profiler-bucket-allocator-bucket-count=8"
    "memorysetup-profiler-bucket-allocator-block-size=33554432"
    "memorysetup-profiler-bucket-allocator-block-count=8"
    "memorysetup-profiler-allocator-block-size=16777216"
    "memorysetup-profiler-editor-allocator-block-size=1048576"
    "memorysetup-temp-allocator-size-main=16777216"
    "memorysetup-job-temp-allocator-block-size=2097152"
    "memorysetup-job-temp-allocator-block-size-background=1048576"
    "memorysetup-job-temp-allocator-reduction-small-platforms=262144"
    "memorysetup-temp-allocator-size-background-worker=32768"
    "memorysetup-temp-allocator-size-job-worker=262144"
    "memorysetup-temp-allocator-size-preload-manager=33554432"
    "memorysetup-temp-allocator-size-nav-mesh-worker=65536"
    "memorysetup-temp-allocator-size-audio-worker=65536"
    "memorysetup-temp-allocator-size-cloud-worker=32768"
    "memorysetup-temp-allocator-size-gi-baking-worker=262144"
    "memorysetup-temp-allocator-size-gfx=262144"
Player connection [25100] Host "[IP] 10.24.221.23 [Port] 0 [Flags] 2 [Guid] 324994744 [EditorId] 324994744 [Version] 1048832 [Id] WindowsEditor(7,Yosemite) [Debug] 1 [PackageName] WindowsEditor [ProjectName] Editor" joined multi-casting on [225.0.0.222:54997]...

Player connection [25100] Host "[IP] 10.24.221.23 [Port] 0 [Flags] 2 [Guid] 324994744 [EditorId] 324994744 [Version] 1048832 [Id] WindowsEditor(7,Yosemite) [Debug] 1 [PackageName] WindowsEditor [ProjectName] Editor" joined alternative multi-casting on [225.0.0.222:34997]...

Refreshing native plugins compatible for Editor in 11.79 ms, found 9 plugins.
Preloading 2 native plugins for Editor in 1.96 ms.
Initialize engine version: 2022.2.7f1 (8331acaee5d3)
[Subsystems] Discovering subsystems at path C:/Program Files/Unity/Hub/Editor/2022.2.7f1/Editor/Data/Resources/UnitySubsystems
[Subsystems] Discovering subsystems at path C:/Users/mdholm/Desktop/S-CC_disaster_recovery/NSF_Disaster/Assets
GfxDevice: creating device client; threaded=0; jobified=0
Direct3D:
    Version:  Direct3D 11.0 [level 11.1]
    Renderer: NVIDIA TITAN Xp (ID=0x1b02)
    Vendor:   NVIDIA
    VRAM:     12139 MB
    Driver:   31.0.15.3742
Shader 'Oculus/OVRMRCameraFrameLit': fallback shader 'Alpha-Diffuse' not found
Initialize mono
Mono path[0] = 'C:/Program Files/Unity/Hub/Editor/2022.2.7f1/Editor/Data/Managed'
Mono path[1] = 'C:/Program Files/Unity/Hub/Editor/2022.2.7f1/Editor/Data/MonoBleedingEdge/lib/mono/unityjit-win32'
Mono config path = 'C:/Program Files/Unity/Hub/Editor/2022.2.7f1/Editor/Data/MonoBleedingEdge/etc'
Using monoOptions --debugger-agent=transport=dt_socket,embedding=1,server=y,suspend=n,address=127.0.0.1:56096
Begin MonoManager ReloadAssembly
Registering precompiled unity dll's ...
Register platform support module: C:/Program Files/Unity/Hub/Editor/2022.2.7f1/Editor/Data/PlaybackEngines/WindowsStandaloneSupport/UnityEditor.WindowsStandalone.Extensions.dll
Registered in 0.003587 seconds.
- Loaded All Assemblies, in  0.238 seconds
Native extension for WindowsStandalone target not found
Mono: successfully reloaded assembly
- Finished resetting the current domain, in  0.203 seconds
Domain Reload Profiling:
	ReloadAssembly (139ms)
		BeginReloadAssembly (57ms)
			ExecutionOrderSort (0ms)
			DisableScriptedObjects (0ms)
			BackupInstance (0ms)
			ReleaseScriptingObjects (0ms)
			CreateAndSetChildDomain (1ms)
		LoadAllAssembliesAndSetupDomain (0ms)
			LoadAssemblies (55ms)
			RebuildTransferFunctionScriptingTraits (0ms)
			SetupTypeCache (94ms)
				TypeCache.Initialize (94ms)
					TypeCache.ScanAssembly (92ms)
				ResolveRequiredComponents (0ms)
		FinalizeReload (0ms)
			ReleaseScriptCaches (0ms)
			RebuildScriptCaches (0ms)
			SetupLoadedEditorAssemblies (159ms)
				LogAssemblyErrors (0ms)
				InitializePlatformSupportModulesInManaged (6ms)
				SetLoadedEditorAssemblies (6ms)
				RefreshPlugins (0ms)
				BeforeProcessingInitializeOnLoad (1ms)
				ProcessInitializeOnLoadAttributes (106ms)
				ProcessInitializeOnLoadMethodAttributes (40ms)
				AfterProcessingInitializeOnLoad (0ms)
				EditorAssembliesLoaded (0ms)
			ExecutionOrderSort2 (0ms)
			AwakeInstancesAfterBackupRestoration (0ms)
========================================================================
Worker process is ready to serve import requests
Begin MonoManager ReloadAssembly
Symbol file LoadedFromMemory doesn't match image C:\Users\mdholm\Desktop\S-CC_disaster_recovery\NSF_Disaster\Library\PackageCache\com.unity.visualscripting@1.8.0\Editor\VisualScripting.Core\Dependencies\YamlDotNet\Unity.VisualScripting.YamlDotNet.dll
Symbol file LoadedFromMemory doesn't match image C:\Users\mdholm\Desktop\S-CC_disaster_recovery\NSF_Disaster\Library\PackageCache\com.unity.visualscripting@1.8.0\Editor\VisualScripting.Core\Dependencies\DotNetZip\Unity.VisualScripting.IonicZip.dll
- Loaded All Assemblies, in  0.658 seconds
Refreshing native plugins compatible for Editor in 5.24 ms, found 9 plugins.
Native extension for WindowsStandalone target not found
Package Manager log level set to [2]
[Package Manager] Server::EnsureServerProcessIsRunning -- launch failed, reason: Unity was launched with the -noUpm command-line argument
[Package Manager] UpmClient::Send -- Unable to send message (not connected to UPM process).
[Package Manager] Cannot connect to Unity Package Manager local server
[XR] OculusXRPlugin: registering subsystems
[XR] Unable to register display lifecyle provider: [1]
[XR] Oculus Input lifecycle provider registered.
[XR] Unable to register input lifecyle provider: [1]
[XR] OVRP version 1.88.0
Mono: successfully reloaded assembly
[Package Manager] Server::EnsureServerProcessIsRunning -- launch failed, reason: Unity was launched with the -noUpm command-line argument
[Package Manager] UpmClient::Send -- Unable to send message (not connected to UPM process).
[Package Manager] Cannot connect to Unity Package Manager local server
[Package Manager] Server::EnsureServerProcessIsRunning -- launch failed, reason: Unity was launched with the -noUpm command-line argument
[Package Manager] UpmClient::Send -- Unable to send message (not connected to UPM process).
[Package Manager] Cannot connect to Unity Package Manager local server
- Finished resetting the current domain, in  0.381 seconds
Domain Reload Profiling:
	ReloadAssembly (130ms)
		BeginReloadAssembly (76ms)
			ExecutionOrderSort (0ms)
			DisableScriptedObjects (3ms)
			BackupInstance (0ms)
			ReleaseScriptingObjects (0ms)
			CreateAndSetChildDomain (14ms)
		LoadAllAssembliesAndSetupDomain (526ms)
			LoadAssemblies (188ms)
			RebuildTransferFunctionScriptingTraits (0ms)
			SetupTypeCache (371ms)
				TypeCache.Initialize (184ms)
					TypeCache.ScanAssembly (181ms)
				ResolveRequiredComponents (9ms)
		FinalizeReload (0ms)
			ReleaseScriptCaches (0ms)
			RebuildScriptCaches (0ms)
			SetupLoadedEditorAssemblies (267ms)
				LogAssemblyErrors (0ms)
				InitializePlatformSupportModulesInManaged (3ms)
				SetLoadedEditorAssemblies (4ms)
				RefreshPlugins (0ms)
				BeforeProcessingInitializeOnLoad (50ms)
				ProcessInitializeOnLoadAttributes (191ms)
				ProcessInitializeOnLoadMethodAttributes (16ms)
				AfterProcessingInitializeOnLoad (3ms)
				EditorAssembliesLoaded (0ms)
			ExecutionOrderSort2 (0ms)
			AwakeInstancesAfterBackupRestoration (4ms)
Shader 'Oculus/OVRMRCameraFrameLit': fallback shader 'Alpha-Diffuse' not found
Launched and connected shader compiler UnityShaderCompiler.exe after 0.03 seconds
Refreshing native plugins compatible for Editor in 7.08 ms, found 9 plugins.
Preloading 2 native plugins for Editor in 0.09 ms.
Unloading 5022 Unused Serialized files (Serialized files now loaded: 0)
Unloading 57 unused Assets / (175.2 KB). Loaded Objects now: 5491.
Memory consumption went from 0.78 GB to 0.78 GB.
Total: 3.781800 ms (FindLiveObjects: 1.050900 ms CreateObjectMapping: 0.232600 ms MarkObjects: 2.324100 ms  DeleteObjects: 0.173000 ms)

AssetImportParameters requested are different than current active one (requested -> active):
  custom:container-demuxer-ogg: 62fdf1f143b41e24485cea50d1cbac27 -> 
  custom:video-codec-MediaFoundation-h265: 746d11721c4dcdbdad8f713fa42b33f4 -> 
  custom:video-decoder-ogg-theora: a1e56fd34408186e4bbccfd4996cb3dc -> 
  custom:framework-win-MediaFoundation: 216162199b28c13a410421893ffa2e32 -> 
  custom:container-demuxer-webm: 4f35f7cbe854078d1ac9338744f61a02 -> 
  custom:container-muxer-webm: aa71ff27fc2769a1b78a27578f13a17b -> 
  custom:video-decoder-webm-vp8: 9c59270c3fd7afecdb556c50c9e8de78 -> 
  custom:AudioImporter_EditorPlatform: d09bf68614088b80899f8185d706f6e7 -> 
  custom:video-encoder-webm-vp8: eb34c28f22e8b96e1ab97ce403110664 -> 
  custom:audio-decoder-ogg-vorbis: bf7c407c2cedff20999df2af8eb42d56 -> 
  custom:audio-encoder-webm-vorbis: bf7c407c2cedff20999df2af8eb42d56 -> 
========================================================================
Received Import Request.
  Time since last request: 1633.071563 seconds.
  path: Assets/Models/Cars Damaged/AcCar_07.FBX
  artifactKey: Guid(f1ed0f3bffb6642608e385f44d908c7c) Importer(815301076,1909f56bfc062723c751e8b465ee728b)
Start importing Assets/Models/Cars Damaged/AcCar_07.FBX using Guid(f1ed0f3bffb6642608e385f44d908c7c) Importer(815301076,1909f56bfc062723c751e8b465ee728b)  -> (artifact id: 'fa2634852782aae1d4ac452dd12cb3cd') in 0.347441 seconds 
Number of updated asset objects reloaded before import = 0
Number of asset objects unloaded after import = 148
========================================================================
Received Import Request.
  Time since last request: 27.918650 seconds.
  path: Assets/Models/Cars Damaged/AcCar_07.FBX
  artifactKey: Guid(f1ed0f3bffb6642608e385f44d908c7c) Importer(815301076,1909f56bfc062723c751e8b465ee728b)
Start importing Assets/Models/Cars Damaged/AcCar_07.FBX using Guid(f1ed0f3bffb6642608e385f44d908c7c) Importer(815301076,1909f56bfc062723c751e8b465ee728b)  -> (artifact id: 'd5ac2f720c40bcdf09ff56980b7edd60') in 0.025895 seconds 
Number of updated asset objects reloaded before import = 0
Number of asset objects unloaded after import = 35
========================================================================
Received Import Request.
  Time since last request: 38.519926 seconds.
  path: Assets/Models/Cars Damaged/AcCar_10.FBX
  artifactKey: Guid(29d8e6f2953fc493ea8080ff6e2f2ce8) Importer(815301076,1909f56bfc062723c751e8b465ee728b)
Start importing Assets/Models/Cars Damaged/AcCar_10.FBX using Guid(29d8e6f2953fc493ea8080ff6e2f2ce8) Importer(815301076,1909f56bfc062723c751e8b465ee728b)  -> (artifact id: 'cb7ba4d4da48e58ed6cad5a6f5177c85') in 0.020031 seconds 
Number of updated asset objects reloaded before import = 0
Number of asset objects unloaded after import = 35
========================================================================
Received Import Request.
  Time since last request: 33.924987 seconds.
  path: Assets/Models/Cars Damaged/AcCar_06.FBX
  artifactKey: Guid(fcebd3d463a4a44c59bf13d98ea371f9) Importer(815301076,1909f56bfc062723c751e8b465ee728b)
Start importing Assets/Models/Cars Damaged/AcCar_06.FBX using Guid(fcebd3d463a4a44c59bf13d98ea371f9) Importer(815301076,1909f56bfc062723c751e8b465ee728b)  -> (artifact id: 'd2ae3f1916729184d64df76134fd6a61') in 0.024923 seconds 
Number of updated asset objects reloaded before import = 0
Number of asset objects unloaded after import = 55
========================================================================
Received Import Request.
  Time since last request: 32.281132 seconds.
  path: Assets/Models/Cars Damaged/AcCar_02.FBX
  artifactKey: Guid(eeb28f13be53242abb2879e0c2e3754b) Importer(815301076,1909f56bfc062723c751e8b465ee728b)
Start importing Assets/Models/Cars Damaged/AcCar_02.FBX using Guid(eeb28f13be53242abb2879e0c2e3754b) Importer(815301076,1909f56bfc062723c751e8b465ee728b)  -> (artifact id: '1cfa26cca7aba2d391e6e26c5e19db51') in 0.020362 seconds 
Number of updated asset objects reloaded before import = 0
Number of asset objects unloaded after import = 27
========================================================================
Received Import Request.
  Time since last request: 24.302368 seconds.
  path: Assets/Assets_Houses-1/models/houses_separate.FBX
  artifactKey: Guid(2c5ee3786015fcd4bbf9119d2ce77236) Importer(815301076,1909f56bfc062723c751e8b465ee728b)
Start importing Assets/Assets_Houses-1/models/houses_separate.FBX using Guid(2c5ee3786015fcd4bbf9119d2ce77236) Importer(815301076,1909f56bfc062723c751e8b465ee728b)  -> (artifact id: 'd786d4abe59688988bc4ce0a8f787e8e') in 0.235837 seconds 
Number of updated asset objects reloaded before import = 0
Number of asset objects unloaded after import = 66
========================================================================
Received Import Request.
  Time since last request: 11.906274 seconds.
  path: Assets/Models/Ruined Industrial Buildings/Another building.fbx
  artifactKey: Guid(b26204dd6b11e3a4284635221fd6933b) Importer(815301076,1909f56bfc062723c751e8b465ee728b)
Start importing Assets/Models/Ruined Industrial Buildings/Another building.fbx using Guid(b26204dd6b11e3a4284635221fd6933b) Importer(815301076,1909f56bfc062723c751e8b465ee728b)  -> (artifact id: '4bd219dec5f888708986e538110e7188') in 0.240144 seconds 
Number of updated asset objects reloaded before import = 0
Number of asset objects unloaded after import = 272
========================================================================
Received Import Request.
  Time since last request: 0.000019 seconds.
  path: Assets/Models/Ruined Industrial Buildings/untitled.fbx
  artifactKey: Guid(ec93f2773f9eb0142aca7dd1b937feee) Importer(815301076,1909f56bfc062723c751e8b465ee728b)
Start importing Assets/Models/Ruined Industrial Buildings/untitled.fbx using Guid(ec93f2773f9eb0142aca7dd1b937feee) Importer(815301076,1909f56bfc062723c751e8b465ee728b)  -> (artifact id: 'fe380ae3ce55d3373f3ce9dd088c97ea') in 0.117486 seconds 
Number of updated asset objects reloaded before import = 0
Number of asset objects unloaded after import = 148
========================================================================
Received Import Request.
  Time since last request: 10.845283 seconds.
  path: Assets/Models/LowpolyStreetPack/Meshes/Bridges.FBX
  artifactKey: Guid(743b5a36add64654a83f60be2beee9f1) Importer(815301076,1909f56bfc062723c751e8b465ee728b)
Start importing Assets/Models/LowpolyStreetPack/Meshes/Bridges.FBX using Guid(743b5a36add64654a83f60be2beee9f1) Importer(815301076,1909f56bfc062723c751e8b465ee728b)  -> (artifact id: 'beb539e80aed73c3580ef0f99d57582a') in 0.071132 seconds 
Number of updated asset objects reloaded before import = 0
Number of asset objects unloaded after import = 68
========================================================================
Received Import Request.
  Time since last request: 0.000017 seconds.
  path: Assets/Models/LowpolyStreetPack/Meshes/Roads.FBX
  artifactKey: Guid(bca5c93adbc71744ca9ea932c796e900) Importer(815301076,1909f56bfc062723c751e8b465ee728b)
Start importing Assets/Models/LowpolyStreetPack/Meshes/Roads.FBX using Guid(bca5c93adbc71744ca9ea932c796e900) Importer(815301076,1909f56bfc062723c751e8b465ee728b)  -> (artifact id: 'e1c5689d251f8f916b6b0c6865b25350') in 0.202139 seconds 
Number of updated asset objects reloaded before import = 0
Number of asset objects unloaded after import = 236
========================================================================
Received Import Request.
  Time since last request: 22.111957 seconds.
  path: Assets/NatureStarterKit2/Nature
  artifactKey: Guid(62158caf667d71d418eb2db8c0c370fb) Importer(815301076,1909f56bfc062723c751e8b465ee728b)
Start importing Assets/NatureStarterKit2/Nature using Guid(62158caf667d71d418eb2db8c0c370fb) Importer(815301076,1909f56bfc062723c751e8b465ee728b)  -> (artifact id: 'dcc2eb2f589d51dc39d4a885c94f7727') in 0.000509 seconds 
Number of updated asset objects reloaded before import = 0
Number of asset objects unloaded after import = 0
========================================================================
Received Import Request.
  Time since last request: 70.430429 seconds.
  path: Assets/Models/House with red boards removed/house (1).fbx
  artifactKey: Guid(62780f2a004260041b1877c3f2b6d083) Importer(815301076,1909f56bfc062723c751e8b465ee728b)
Start importing Assets/Models/House with red boards removed/house (1).fbx using Guid(62780f2a004260041b1877c3f2b6d083) Importer(815301076,1909f56bfc062723c751e8b465ee728b)  -> (artifact id: '2d5cc0da69fca0f55000a91c77be6a64') in 1.043463 seconds 
Number of updated asset objects reloaded before import = 0
Number of asset objects unloaded after import = 1508
========================================================================
Received Import Request.
  Time since last request: 5.896825 seconds.
  path: Assets/Models/House with red boards removed/house (2).prefab
  artifactKey: Guid(1e009a93d94b16145b5680a60dfec3c0) Importer(815301076,1909f56bfc062723c751e8b465ee728b)
Start importing Assets/Models/House with red boards removed/house (2).prefab using Guid(1e009a93d94b16145b5680a60dfec3c0) Importer(815301076,1909f56bfc062723c751e8b465ee728b)  -> (artifact id: 'fd23f9e36e1b4443537226affd40a177') in 0.037368 seconds 
Number of updated asset objects reloaded before import = 0
Number of asset objects unloaded after import = 1512
========================================================================
Received Prepare
Begin MonoManager ReloadAssembly
Symbol file LoadedFromMemory doesn't match image C:\Users\mdholm\Desktop\S-CC_disaster_recovery\NSF_Disaster\Library\PackageCache\com.unity.visualscripting@1.8.0\Editor\VisualScripting.Core\Dependencies\YamlDotNet\Unity.VisualScripting.YamlDotNet.dll
Symbol file LoadedFromMemory doesn't match image C:\Users\mdholm\Desktop\S-CC_disaster_recovery\NSF_Disaster\Library\PackageCache\com.unity.visualscripting@1.8.0\Editor\VisualScripting.Core\Dependencies\DotNetZip\Unity.VisualScripting.IonicZip.dll
- Loaded All Assemblies, in  0.449 seconds
Refreshing native plugins compatible for Editor in 4.90 ms, found 9 plugins.
Native extension for WindowsStandalone target not found
[Package Manager] Server::EnsureServerProcessIsRunning -- launch failed, reason: Unity was launched with the -noUpm command-line argument
[Package Manager] UpmClient::Send -- Unable to send message (not connected to UPM process).
[Package Manager] Cannot connect to Unity Package Manager local server
Mono: successfully reloaded assembly
[Package Manager] Server::EnsureServerProcessIsRunning -- launch failed, reason: Unity was launched with the -noUpm command-line argument
[Package Manager] UpmClient::Send -- Unable to send message (not connected to UPM process).
[Package Manager] Cannot connect to Unity Package Manager local server
- Finished resetting the current domain, in  0.436 seconds
Domain Reload Profiling:
	ReloadAssembly (134ms)
		BeginReloadAssembly (91ms)
			ExecutionOrderSort (0ms)
			DisableScriptedObjects (2ms)
			BackupInstance (0ms)
			ReleaseScriptingObjects (0ms)
			CreateAndSetChildDomain (31ms)
		LoadAllAssembliesAndSetupDomain (313ms)
			LoadAssemblies (162ms)
			RebuildTransferFunctionScriptingTraits (0ms)
			SetupTypeCache (181ms)
				TypeCache.Initialize (173ms)
					TypeCache.ScanAssembly (169ms)
				ResolveRequiredComponents (8ms)
		FinalizeReload (0ms)
			ReleaseScriptCaches (0ms)
			RebuildScriptCaches (0ms)
			SetupLoadedEditorAssemblies (225ms)
				LogAssemblyErrors (0ms)
				InitializePlatformSupportModulesInManaged (3ms)
				SetLoadedEditorAssemblies (3ms)
				RefreshPlugins (0ms)
				BeforeProcessingInitializeOnLoad (49ms)
				ProcessInitializeOnLoadAttributes (154ms)
				ProcessInitializeOnLoadMethodAttributes (13ms)
				AfterProcessingInitializeOnLoad (3ms)
				EditorAssembliesLoaded (0ms)
			ExecutionOrderSort2 (0ms)
			AwakeInstancesAfterBackupRestoration (4ms)
Shader 'Oculus/OVRMRCameraFrameLit': fallback shader 'Alpha-Diffuse' not found
Refreshing native plugins compatible for Editor in 6.39 ms, found 9 plugins.
Preloading 2 native plugins for Editor in 0.20 ms.
Unloading 4862 Unused Serialized files (Serialized files now loaded: 0)
Unloading 51 unused Assets / (132.0 KB). Loaded Objects now: 5540.
Memory consumption went from 0.75 GB to 0.75 GB.
Total: 4.115300 ms (FindLiveObjects: 0.965600 ms CreateObjectMapping: 0.178500 ms MarkObjects: 2.772400 ms  DeleteObjects: 0.196700 ms)

Prepare: number of updated asset objects reloaded= 0
AssetImportParameters requested are different than current active one (requested -> active):
  custom:container-demuxer-ogg: 62fdf1f143b41e24485cea50d1cbac27 -> 
  custom:video-codec-MediaFoundation-h265: 746d11721c4dcdbdad8f713fa42b33f4 -> 
  custom:video-decoder-ogg-theora: a1e56fd34408186e4bbccfd4996cb3dc -> 
  custom:framework-win-MediaFoundation: 216162199b28c13a410421893ffa2e32 -> 
  custom:container-demuxer-webm: 4f35f7cbe854078d1ac9338744f61a02 -> 
  custom:container-muxer-webm: aa71ff27fc2769a1b78a27578f13a17b -> 
  custom:video-decoder-webm-vp8: 9c59270c3fd7afecdb556c50c9e8de78 -> 
  custom:AudioImporter_EditorPlatform: d09bf68614088b80899f8185d706f6e7 -> 
  custom:video-encoder-webm-vp8: eb34c28f22e8b96e1ab97ce403110664 -> 
  custom:audio-decoder-ogg-vorbis: bf7c407c2cedff20999df2af8eb42d56 -> 
  custom:audio-encoder-webm-vorbis: bf7c407c2cedff20999df2af8eb42d56 -> 
========================================================================
Received Prepare
Begin MonoManager ReloadAssembly
Symbol file LoadedFromMemory doesn't match image C:\Users\mdholm\Desktop\S-CC_disaster_recovery\NSF_Disaster\Library\PackageCache\com.unity.visualscripting@1.8.0\Editor\VisualScripting.Core\Dependencies\YamlDotNet\Unity.VisualScripting.YamlDotNet.dll
Symbol file LoadedFromMemory doesn't match image C:\Users\mdholm\Desktop\S-CC_disaster_recovery\NSF_Disaster\Library\PackageCache\com.unity.visualscripting@1.8.0\Editor\VisualScripting.Core\Dependencies\DotNetZip\Unity.VisualScripting.IonicZip.dll
- Loaded All Assemblies, in  0.456 seconds
Refreshing native plugins compatible for Editor in 4.78 ms, found 9 plugins.
Native extension for WindowsStandalone target not found
[Package Manager] Server::EnsureServerProcessIsRunning -- launch failed, reason: Unity was launched with the -noUpm command-line argument
[Package Manager] UpmClient::Send -- Unable to send message (not connected to UPM process).
[Package Manager] Cannot connect to Unity Package Manager local server
Mono: successfully reloaded assembly
[Package Manager] Server::EnsureServerProcessIsRunning -- launch failed, reason: Unity was launched with the -noUpm command-line argument
[Package Manager] UpmClient::Send -- Unable to send message (not connected to UPM process).
[Package Manager] Cannot connect to Unity Package Manager local server
- Finished resetting the current domain, in  0.446 seconds
Domain Reload Profiling:
	ReloadAssembly (133ms)
		BeginReloadAssembly (89ms)
			ExecutionOrderSort (0ms)
			DisableScriptedObjects (2ms)
			BackupInstance (0ms)
			ReleaseScriptingObjects (0ms)
			CreateAndSetChildDomain (29ms)
		LoadAllAssembliesAndSetupDomain (322ms)
			LoadAssemblies (167ms)
			RebuildTransferFunctionScriptingTraits (0ms)
			SetupTypeCache (185ms)
				TypeCache.Initialize (177ms)
					TypeCache.ScanAssembly (173ms)
				ResolveRequiredComponents (8ms)
		FinalizeReload (0ms)
			ReleaseScriptCaches (0ms)
			RebuildScriptCaches (0ms)
			SetupLoadedEditorAssemblies (229ms)
				LogAssemblyErrors (0ms)
				InitializePlatformSupportModulesInManaged (3ms)
				SetLoadedEditorAssemblies (4ms)
				RefreshPlugins (0ms)
				BeforeProcessingInitializeOnLoad (50ms)
				ProcessInitializeOnLoadAttributes (155ms)
				ProcessInitializeOnLoadMethodAttributes (14ms)
				AfterProcessingInitializeOnLoad (3ms)
				EditorAssembliesLoaded (0ms)
			ExecutionOrderSort2 (0ms)
			AwakeInstancesAfterBackupRestoration (4ms)
Shader 'Oculus/OVRMRCameraFrameLit': fallback shader 'Alpha-Diffuse' not found
Refreshing native plugins compatible for Editor in 10.04 ms, found 9 plugins.
Preloading 2 native plugins for Editor in 0.14 ms.
Unloading 4862 Unused Serialized files (Serialized files now loaded: 0)
Unloading 51 unused Assets / (140.1 KB). Loaded Objects now: 5544.
Memory consumption went from 0.75 GB to 0.75 GB.
Total: 3.388000 ms (FindLiveObjects: 0.606800 ms CreateObjectMapping: 0.223600 ms MarkObjects: 2.319500 ms  DeleteObjects: 0.236900 ms)

Prepare: number of updated asset objects reloaded= 0
AssetImportParameters requested are different than current active one (requested -> active):
  custom:container-demuxer-ogg: 62fdf1f143b41e24485cea50d1cbac27 -> 
  custom:video-codec-MediaFoundation-h265: 746d11721c4dcdbdad8f713fa42b33f4 -> 
  custom:video-decoder-ogg-theora: a1e56fd34408186e4bbccfd4996cb3dc -> 
  custom:framework-win-MediaFoundation: 216162199b28c13a410421893ffa2e32 -> 
  custom:container-demuxer-webm: 4f35f7cbe854078d1ac9338744f61a02 -> 
  custom:container-muxer-webm: aa71ff27fc2769a1b78a27578f13a17b -> 
  custom:video-decoder-webm-vp8: 9c59270c3fd7afecdb556c50c9e8de78 -> 
  custom:AudioImporter_EditorPlatform: d09bf68614088b80899f8185d706f6e7 -> 
  custom:video-encoder-webm-vp8: eb34c28f22e8b96e1ab97ce403110664 -> 
  custom:audio-decoder-ogg-vorbis: bf7c407c2cedff20999df2af8eb42d56 -> 
  custom:audio-encoder-webm-vorbis: bf7c407c2cedff20999df2af8eb42d56 -> 
========================================================================
Received Import Request.
  Time since last request: 364.415244 seconds.
  path: Assets/Models/Ruined Industrial Buildings/Another building.fbx
  artifactKey: Guid(b26204dd6b11e3a4284635221fd6933b) Importer(815301076,1909f56bfc062723c751e8b465ee728b)
Start importing Assets/Models/Ruined Industrial Buildings/Another building.fbx using Guid(b26204dd6b11e3a4284635221fd6933b) Importer(815301076,1909f56bfc062723c751e8b465ee728b)  -> (artifact id: 'ce07c72774586324e068e3ebd60666cf') in 0.039130 seconds 
Number of updated asset objects reloaded before import = 0
Number of asset objects unloaded after import = 4
========================================================================
Received Import Request.
  Time since last request: 120.309345 seconds.
  path: Assets/Models/Ruined Industrial Buildings/Another building.fbx
  artifactKey: Guid(b26204dd6b11e3a4284635221fd6933b) Importer(815301076,1909f56bfc062723c751e8b465ee728b)
Start importing Assets/Models/Ruined Industrial Buildings/Another building.fbx using Guid(b26204dd6b11e3a4284635221fd6933b) Importer(815301076,1909f56bfc062723c751e8b465ee728b)  -> (artifact id: 'cf008b3f45c9373387054cc7db6b71c9') in 0.398490 seconds 
Number of updated asset objects reloaded before import = 0
Number of asset objects unloaded after import = 393
========================================================================
Received Import Request.
  Time since last request: 133.276793 seconds.
  path: Assets/Models/Ruined Industrial Buildings/untitled.fbx
  artifactKey: Guid(ec93f2773f9eb0142aca7dd1b937feee) Importer(815301076,1909f56bfc062723c751e8b465ee728b)
Start importing Assets/Models/Ruined Industrial Buildings/untitled.fbx using Guid(ec93f2773f9eb0142aca7dd1b937feee) Importer(815301076,1909f56bfc062723c751e8b465ee728b)  -> (artifact id: '5ec2bc60800bd243dc6053f3b466fda2') in 0.114844 seconds 
Number of updated asset objects reloaded before import = 0
Number of asset objects unloaded after import = 148
========================================================================
Received Import Request.
  Time since last request: 68.092432 seconds.
  path: Assets/Models/Ruined Industrial Buildings/Another building, again.fbx
  artifactKey: Guid(af90f27b0b4be194fbc23df953bdb278) Importer(815301076,1909f56bfc062723c751e8b465ee728b)
Start importing Assets/Models/Ruined Industrial Buildings/Another building, again.fbx using Guid(af90f27b0b4be194fbc23df953bdb278) Importer(815301076,1909f56bfc062723c751e8b465ee728b)  -> (artifact id: 'ea4a0680c2a5a64fd54f9027dfdf9f20') in 0.203276 seconds 
Number of updated asset objects reloaded before import = 0
Number of asset objects unloaded after import = 235
========================================================================
Received Import Request.
  Time since last request: 74.579570 seconds.
  path: Assets/Models/Ruined Industrial Buildings/Another building, again.fbx
  artifactKey: Guid(af90f27b0b4be194fbc23df953bdb278) Importer(815301076,1909f56bfc062723c751e8b465ee728b)
Start importing Assets/Models/Ruined Industrial Buildings/Another building, again.fbx using Guid(af90f27b0b4be194fbc23df953bdb278) Importer(815301076,1909f56bfc062723c751e8b465ee728b)  -> (artifact id: '756729b319b8b35fed14eb8d06224935') in 0.116269 seconds 
Number of updated asset objects reloaded before import = 0
Number of asset objects unloaded after import = 148
========================================================================
Received Prepare
Begin MonoManager ReloadAssembly
Symbol file LoadedFromMemory doesn't match image C:\Users\mdholm\Desktop\S-CC_disaster_recovery\NSF_Disaster\Library\PackageCache\com.unity.visualscripting@1.8.0\Editor\VisualScripting.Core\Dependencies\YamlDotNet\Unity.VisualScripting.YamlDotNet.dll
Symbol file LoadedFromMemory doesn't match image C:\Users\mdholm\Desktop\S-CC_disaster_recovery\NSF_Disaster\Library\PackageCache\com.unity.visualscripting@1.8.0\Editor\VisualScripting.Core\Dependencies\DotNetZip\Unity.VisualScripting.IonicZip.dll
- Loaded All Assemblies, in  0.460 seconds
Refreshing native plugins compatible for Editor in 4.98 ms, found 9 plugins.
Native extension for WindowsStandalone target not found
[Package Manager] Server::EnsureServerProcessIsRunning -- launch failed, reason: Unity was launched with the -noUpm command-line argument
[Package Manager] UpmClient::Send -- Unable to send message (not connected to UPM process).
[Package Manager] Cannot connect to Unity Package Manager local server
Mono: successfully reloaded assembly
[Package Manager] Server::EnsureServerProcessIsRunning -- launch failed, reason: Unity was launched with the -noUpm command-line argument
[Package Manager] UpmClient::Send -- Unable to send message (not connected to UPM process).
[Package Manager] Cannot connect to Unity Package Manager local server
- Finished resetting the current domain, in  0.447 seconds
Domain Reload Profiling:
	ReloadAssembly (131ms)
		BeginReloadAssembly (89ms)
			ExecutionOrderSort (0ms)
			DisableScriptedObjects (2ms)
			BackupInstance (0ms)
			ReleaseScriptingObjects (0ms)
			CreateAndSetChildDomain (31ms)
		LoadAllAssembliesAndSetupDomain (327ms)
			LoadAssemblies (170ms)
			RebuildTransferFunctionScriptingTraits (0ms)
			SetupTypeCache (184ms)
				TypeCache.Initialize (177ms)
					TypeCache.ScanAssembly (172ms)
				ResolveRequiredComponents (8ms)
		FinalizeReload (0ms)
			ReleaseScriptCaches (0ms)
			RebuildScriptCaches (0ms)
			SetupLoadedEditorAssemblies (223ms)
				LogAssemblyErrors (0ms)
				InitializePlatformSupportModulesInManaged (3ms)
				SetLoadedEditorAssemblies (3ms)
				RefreshPlugins (0ms)
				BeforeProcessingInitializeOnLoad (50ms)
				ProcessInitializeOnLoadAttributes (151ms)
				ProcessInitializeOnLoadMethodAttributes (13ms)
				AfterProcessingInitializeOnLoad (3ms)
				EditorAssembliesLoaded (0ms)
			ExecutionOrderSort2 (0ms)
			AwakeInstancesAfterBackupRestoration (4ms)
Shader 'Oculus/OVRMRCameraFrameLit': fallback shader 'Alpha-Diffuse' not found
Refreshing native plugins compatible for Editor in 7.84 ms, found 9 plugins.
Preloading 2 native plugins for Editor in 0.09 ms.
Unloading 4862 Unused Serialized files (Serialized files now loaded: 0)
Unloading 51 unused Assets / (140.2 KB). Loaded Objects now: 5548.
Memory consumption went from 0.75 GB to 0.75 GB.
Total: 5.638400 ms (FindLiveObjects: 0.442500 ms CreateObjectMapping: 0.503600 ms MarkObjects: 4.373200 ms  DeleteObjects: 0.318000 ms)

Prepare: number of updated asset objects reloaded= 0
AssetImportParameters requested are different than current active one (requested -> active):
  custom:container-demuxer-ogg: 62fdf1f143b41e24485cea50d1cbac27 -> 
  custom:video-codec-MediaFoundation-h265: 746d11721c4dcdbdad8f713fa42b33f4 -> 
  custom:video-decoder-ogg-theora: a1e56fd34408186e4bbccfd4996cb3dc -> 
  custom:framework-win-MediaFoundation: 216162199b28c13a410421893ffa2e32 -> 
  custom:container-demuxer-webm: 4f35f7cbe854078d1ac9338744f61a02 -> 
  custom:container-muxer-webm: aa71ff27fc2769a1b78a27578f13a17b -> 
  custom:video-decoder-webm-vp8: 9c59270c3fd7afecdb556c50c9e8de78 -> 
  custom:AudioImporter_EditorPlatform: d09bf68614088b80899f8185d706f6e7 -> 
  custom:video-encoder-webm-vp8: eb34c28f22e8b96e1ab97ce403110664 -> 
  custom:audio-decoder-ogg-vorbis: bf7c407c2cedff20999df2af8eb42d56 -> 
  custom:audio-encoder-webm-vorbis: bf7c407c2cedff20999df2af8eb42d56 -> 
========================================================================
Received Import Request.
  Time since last request: 528.444587 seconds.
  path: Assets/Models/Ruined Industrial Buildings/Another building, again.fbx
  artifactKey: Guid(af90f27b0b4be194fbc23df953bdb278) Importer(815301076,1909f56bfc062723c751e8b465ee728b)
Start importing Assets/Models/Ruined Industrial Buildings/Another building, again.fbx using Guid(af90f27b0b4be194fbc23df953bdb278) Importer(815301076,1909f56bfc062723c751e8b465ee728b)  -> (artifact id: '0900f0a01ac823293ecdf63f66c99394') in 0.270649 seconds 
Number of updated asset objects reloaded before import = 0
Number of asset objects unloaded after import = 264
========================================================================
Received Import Request.
  Time since last request: 73.107867 seconds.
  path: Assets/Models/Ruined Industrial Buildings/Another building, again.fbx
  artifactKey: Guid(af90f27b0b4be194fbc23df953bdb278) Importer(815301076,1909f56bfc062723c751e8b465ee728b)
Start importing Assets/Models/Ruined Industrial Buildings/Another building, again.fbx using Guid(af90f27b0b4be194fbc23df953bdb278) Importer(815301076,1909f56bfc062723c751e8b465ee728b)  -> (artifact id: '5c62c79d7f3319f3270a91b2da9f109d') in 0.184043 seconds 
Number of updated asset objects reloaded before import = 0
Number of asset objects unloaded after import = 264
========================================================================
Received Import Request.
  Time since last request: 1.506829 seconds.
  path: Assets/Models/Ruined Industrial Buildings/Extracted Materials/rdirt.mat
  artifactKey: Guid(e4ef6d57e6ceb8a4c8cf657dee7ed5f7) Importer(815301076,1909f56bfc062723c751e8b465ee728b)
Start importing Assets/Models/Ruined Industrial Buildings/Extracted Materials/rdirt.mat using Guid(e4ef6d57e6ceb8a4c8cf657dee7ed5f7) Importer(815301076,1909f56bfc062723c751e8b465ee728b)  -> (artifact id: '577e857341066eec426edb83ced33c4a') in 0.014679 seconds 
Number of updated asset objects reloaded before import = 0
Number of asset objects unloaded after import = 2
========================================================================
Received Import Request.
  Time since last request: 0.002021 seconds.
  path: Assets/Models/Ruined Industrial Buildings/Extracted Materials/rdirt6.mat
  artifactKey: Guid(3ca44af96bd801142a09254ef5b078c8) Importer(815301076,1909f56bfc062723c751e8b465ee728b)
Start importing Assets/Models/Ruined Industrial Buildings/Extracted Materials/rdirt6.mat using Guid(3ca44af96bd801142a09254ef5b078c8) Importer(815301076,1909f56bfc062723c751e8b465ee728b)  -> (artifact id: '94fbc886ea380d93cf0a371fff873880') in 0.014672 seconds 
Number of updated asset objects reloaded before import = 0
Number of asset objects unloaded after import = 2
========================================================================
Received Import Request.
  Time since last request: 0.000016 seconds.
  path: Assets/Models/Ruined Industrial Buildings/Extracted Materials/rwall1.mat
  artifactKey: Guid(a8fd45d2cfc5cae48a8cab7f3ab51a30) Importer(815301076,1909f56bfc062723c751e8b465ee728b)
Start importing Assets/Models/Ruined Industrial Buildings/Extracted Materials/rwall1.mat using Guid(a8fd45d2cfc5cae48a8cab7f3ab51a30) Importer(815301076,1909f56bfc062723c751e8b465ee728b)  -> (artifact id: '98321f288b031d1f6f372fededdac739') in 0.013873 seconds 
Number of updated asset objects reloaded before import = 0
Number of asset objects unloaded after import = 2
========================================================================
Received Import Request.
  Time since last request: 0.000017 seconds.
  path: Assets/Models/Ruined Industrial Buildings/Extracted Materials/rwall15.mat
  artifactKey: Guid(5b52b796fe7f99f459d591ef94b70974) Importer(815301076,1909f56bfc062723c751e8b465ee728b)
Start importing Assets/Models/Ruined Industrial Buildings/Extracted Materials/rwall15.mat using Guid(5b52b796fe7f99f459d591ef94b70974) Importer(815301076,1909f56bfc062723c751e8b465ee728b)  -> (artifact id: 'fa12d7c5520fb08026102673a5e6b98c') in 0.012452 seconds 
Number of updated asset objects reloaded before import = 0
Number of asset objects unloaded after import = 2
========================================================================
Received Import Request.
  Time since last request: 0.000016 seconds.
  path: Assets/Models/Ruined Industrial Buildings/Extracted Materials/rwall22.mat
  artifactKey: Guid(f395df81e834bed41a51754aed3c34fe) Importer(815301076,1909f56bfc062723c751e8b465ee728b)
Start importing Assets/Models/Ruined Industrial Buildings/Extracted Materials/rwall22.mat using Guid(f395df81e834bed41a51754aed3c34fe) Importer(815301076,1909f56bfc062723c751e8b465ee728b)  -> (artifact id: 'afdd441cb2c3a811c29763d36bb2666c') in 0.012949 seconds 
Number of updated asset objects reloaded before import = 0
Number of asset objects unloaded after import = 2
========================================================================
Received Import Request.
  Time since last request: 0.000023 seconds.
  path: Assets/Models/Ruined Industrial Buildings/Extracted Materials/rwall23.mat
  artifactKey: Guid(555c06135f4516f49b564570b4d9a037) Importer(815301076,1909f56bfc062723c751e8b465ee728b)
Start importing Assets/Models/Ruined Industrial Buildings/Extracted Materials/rwall23.mat using Guid(555c06135f4516f49b564570b4d9a037) Importer(815301076,1909f56bfc062723c751e8b465ee728b)  -> (artifact id: '1150aeda89562184094f3c46da59307f') in 0.012554 seconds 
Number of updated asset objects reloaded before import = 0
Number of asset objects unloaded after import = 2
========================================================================
Received Import Request.
  Time since last request: 0.000017 seconds.
  path: Assets/Models/Ruined Industrial Buildings/Extracted Materials/rdirt2.mat
  artifactKey: Guid(c598b0d397a6e19448e750743dc07c5f) Importer(815301076,1909f56bfc062723c751e8b465ee728b)
Start importing Assets/Models/Ruined Industrial Buildings/Extracted Materials/rdirt2.mat using Guid(c598b0d397a6e19448e750743dc07c5f) Importer(815301076,1909f56bfc062723c751e8b465ee728b)  -> (artifact id: '8751f43a52415ea67f7aaefdfe2efc35') in 0.010800 seconds 
Number of updated asset objects reloaded before import = 0
Number of asset objects unloaded after import = 2
========================================================================
Received Import Request.
  Time since last request: 0.000015 seconds.
  path: Assets/Models/Ruined Industrial Buildings/Extracted Materials/rwall21.001.mat
  artifactKey: Guid(efdb2e3b4b461d44ab10a068671053e6) Importer(815301076,1909f56bfc062723c751e8b465ee728b)
Start importing Assets/Models/Ruined Industrial Buildings/Extracted Materials/rwall21.001.mat using Guid(efdb2e3b4b461d44ab10a068671053e6) Importer(815301076,1909f56bfc062723c751e8b465ee728b)  -> (artifact id: 'cf96f84c967938a0f47e84b27e1c4fa4') in 0.013025 seconds 
Number of updated asset objects reloaded before import = 0
Number of asset objects unloaded after import = 2
========================================================================
Received Import Request.
  Time since last request: 0.000016 seconds.
  path: Assets/Models/Ruined Industrial Buildings/Extracted Materials/rwall20.mat
  artifactKey: Guid(bc348f14b2221fb499156cf0b3491638) Importer(815301076,1909f56bfc062723c751e8b465ee728b)
Start importing Assets/Models/Ruined Industrial Buildings/Extracted Materials/rwall20.mat using Guid(bc348f14b2221fb499156cf0b3491638) Importer(815301076,1909f56bfc062723c751e8b465ee728b)  -> (artifact id: '444f77ca028b46980757fe1b7edb753f') in 0.011463 seconds 
Number of updated asset objects reloaded before import = 0
Number of asset objects unloaded after import = 2
========================================================================
Received Import Request.
  Time since last request: 0.000016 seconds.
  path: Assets/Models/Ruined Industrial Buildings/Extracted Materials/rengrounde 1.mat
  artifactKey: Guid(77e01f99ed1c5044d8c8599f5e67a347) Importer(815301076,1909f56bfc062723c751e8b465ee728b)
Start importing Assets/Models/Ruined Industrial Buildings/Extracted Materials/rengrounde 1.mat using Guid(77e01f99ed1c5044d8c8599f5e67a347) Importer(815301076,1909f56bfc062723c751e8b465ee728b)  -> (artifact id: '7ecfca5e9f8ebc6e8e720b4b86997447') in 0.013407 seconds 
Number of updated asset objects reloaded before import = 0
Number of asset objects unloaded after import = 2
========================================================================
Received Import Request.
  Time since last request: 0.000025 seconds.
  path: Assets/Models/Ruined Industrial Buildings/Extracted Materials/rwall13.001.mat
  artifactKey: Guid(953101724e658034d855fcac1c59a20d) Importer(815301076,1909f56bfc062723c751e8b465ee728b)
Start importing Assets/Models/Ruined Industrial Buildings/Extracted Materials/rwall13.001.mat using Guid(953101724e658034d855fcac1c59a20d) Importer(815301076,1909f56bfc062723c751e8b465ee728b)  -> (artifact id: '3db3fb43cf98684ace3017f792e21bf6') in 0.011270 seconds 
Number of updated asset objects reloaded before import = 0
Number of asset objects unloaded after import = 2
========================================================================
Received Import Request.
  Time since last request: 0.000013 seconds.
  path: Assets/Models/Ruined Industrial Buildings/Extracted Materials/rwood.mat
  artifactKey: Guid(b12832de708d3c44aa98593dee9b4277) Importer(815301076,1909f56bfc062723c751e8b465ee728b)
Start importing Assets/Models/Ruined Industrial Buildings/Extracted Materials/rwood.mat using Guid(b12832de708d3c44aa98593dee9b4277) Importer(815301076,1909f56bfc062723c751e8b465ee728b)  -> (artifact id: '81f1c4e06c68a20967cdbd603ad3bbed') in 0.010868 seconds 
Number of updated asset objects reloaded before import = 0
Number of asset objects unloaded after import = 1
========================================================================
Received Import Request.
  Time since last request: 0.000015 seconds.
  path: Assets/Models/Ruined Industrial Buildings/Extracted Materials/rengroundf 1.mat
  artifactKey: Guid(35ae5a06887e31f4899ff5b3ceff8e71) Importer(815301076,1909f56bfc062723c751e8b465ee728b)
Start importing Assets/Models/Ruined Industrial Buildings/Extracted Materials/rengroundf 1.mat using Guid(35ae5a06887e31f4899ff5b3ceff8e71) Importer(815301076,1909f56bfc062723c751e8b465ee728b)  -> (artifact id: '73b8f8135bf46d58a0e077424e890ed6') in 0.012922 seconds 
Number of updated asset objects reloaded before import = 0
Number of asset objects unloaded after import = 2
========================================================================
Received Import Request.
  Time since last request: 0.000017 seconds.
  path: Assets/Models/Ruined Industrial Buildings/Extracted Materials/rwall11.mat
  artifactKey: Guid(44ea5f476b5de34499968073a46fe595) Importer(815301076,1909f56bfc062723c751e8b465ee728b)
Start importing Assets/Models/Ruined Industrial Buildings/Extracted Materials/rwall11.mat using Guid(44ea5f476b5de34499968073a46fe595) Importer(815301076,1909f56bfc062723c751e8b465ee728b)  -> (artifact id: '674bc8e991d356089b2173f0b1ea0eaa') in 0.012745 seconds 
Number of updated asset objects reloaded before import = 0
Number of asset objects unloaded after import = 2
========================================================================
Received Import Request.
  Time since last request: 0.000016 seconds.
  path: Assets/Models/Ruined Industrial Buildings/Extracted Materials/rwall17.mat
  artifactKey: Guid(0697be557f9a6c54d91d260fc4a50055) Importer(815301076,1909f56bfc062723c751e8b465ee728b)
Start importing Assets/Models/Ruined Industrial Buildings/Extracted Materials/rwall17.mat using Guid(0697be557f9a6c54d91d260fc4a50055) Importer(815301076,1909f56bfc062723c751e8b465ee728b)  -> (artifact id: '1075a79ce7ec0c7a19e20e9191519a2b') in 0.012173 seconds 
Number of updated asset objects reloaded before import = 0
Number of asset objects unloaded after import = 2
========================================================================
Received Import Request.
  Time since last request: 0.000016 seconds.
  path: Assets/Models/Ruined Industrial Buildings/Extracted Materials/rwall21.mat
  artifactKey: Guid(d85ca43b22639304184d05da0286d808) Importer(815301076,1909f56bfc062723c751e8b465ee728b)
Start importing Assets/Models/Ruined Industrial Buildings/Extracted Materials/rwall21.mat using Guid(d85ca43b22639304184d05da0286d808) Importer(815301076,1909f56bfc062723c751e8b465ee728b)  -> (artifact id: '19ca82143973220518efa9cfe6787d0d') in 0.012525 seconds 
Number of updated asset objects reloaded before import = 0
Number of asset objects unloaded after import = 2
========================================================================
Received Import Request.
  Time since last request: 0.000023 seconds.
  path: Assets/Models/Ruined Industrial Buildings/Extracted Materials/rengroundd 2.mat
  artifactKey: Guid(d74ed9cf399ec4946bd17fd49e8753d0) Importer(815301076,1909f56bfc062723c751e8b465ee728b)
Start importing Assets/Models/Ruined Industrial Buildings/Extracted Materials/rengroundd 2.mat using Guid(d74ed9cf399ec4946bd17fd49e8753d0) Importer(815301076,1909f56bfc062723c751e8b465ee728b)  -> (artifact id: 'e87b7e7cc3a846ae77394b7ac2e2009b') in 0.011883 seconds 
Number of updated asset objects reloaded before import = 0
Number of asset objects unloaded after import = 2
========================================================================
Received Import Request.
  Time since last request: 0.000017 seconds.
  path: Assets/Models/Ruined Industrial Buildings/Extracted Materials/rwall13.mat
  artifactKey: Guid(3ad8b166616b1f94d8787f83dc149313) Importer(815301076,1909f56bfc062723c751e8b465ee728b)
Start importing Assets/Models/Ruined Industrial Buildings/Extracted Materials/rwall13.mat using Guid(3ad8b166616b1f94d8787f83dc149313) Importer(815301076,1909f56bfc062723c751e8b465ee728b)  -> (artifact id: '42c69428200b5186f4eed003b59448da') in 0.012638 seconds 
Number of updated asset objects reloaded before import = 0
Number of asset objects unloaded after import = 2
========================================================================
Received Import Request.
  Time since last request: 0.000017 seconds.
  path: Assets/Models/Ruined Industrial Buildings/Extracted Materials/rwall19.001.mat
  artifactKey: Guid(20fa5178b84bd604589a283c3d04710a) Importer(815301076,1909f56bfc062723c751e8b465ee728b)
Start importing Assets/Models/Ruined Industrial Buildings/Extracted Materials/rwall19.001.mat using Guid(20fa5178b84bd604589a283c3d04710a) Importer(815301076,1909f56bfc062723c751e8b465ee728b)  -> (artifact id: '2bfb841657fd8b8976886c6af73c6e45') in 0.011862 seconds 
Number of updated asset objects reloaded before import = 0
Number of asset objects unloaded after import = 2
========================================================================
Received Import Request.
  Time since last request: 0.000016 seconds.
  path: Assets/Models/Ruined Industrial Buildings/Extracted Materials/rdirt3.mat
  artifactKey: Guid(3317bd7517b65c640af69d12296fbafd) Importer(815301076,1909f56bfc062723c751e8b465ee728b)
Start importing Assets/Models/Ruined Industrial Buildings/Extracted Materials/rdirt3.mat using Guid(3317bd7517b65c640af69d12296fbafd) Importer(815301076,1909f56bfc062723c751e8b465ee728b)  -> (artifact id: '22b70c10ddbc5eb4f36a6c6c93291a27') in 0.011179 seconds 
Number of updated asset objects reloaded before import = 0
Number of asset objects unloaded after import = 2
========================================================================
Received Import Request.
  Time since last request: 0.000014 seconds.
  path: Assets/Models/Ruined Industrial Buildings/Extracted Materials/rdirt6.002.mat
  artifactKey: Guid(c50667ba45b424f4684d21e8265b1fc7) Importer(815301076,1909f56bfc062723c751e8b465ee728b)
Start importing Assets/Models/Ruined Industrial Buildings/Extracted Materials/rdirt6.002.mat using Guid(c50667ba45b424f4684d21e8265b1fc7) Importer(815301076,1909f56bfc062723c751e8b465ee728b)  -> (artifact id: 'e04874e6ef0a901ecf051facdc8df403') in 0.011199 seconds 
Number of updated asset objects reloaded before import = 0
Number of asset objects unloaded after import = 2
========================================================================
Received Import Request.
  Time since last request: 0.000021 seconds.
  path: Assets/Models/Ruined Industrial Buildings/Extracted Materials/rengroundd.mat
  artifactKey: Guid(8923db0a04ec1ab4f88b7c00b51c2a45) Importer(815301076,1909f56bfc062723c751e8b465ee728b)
Start importing Assets/Models/Ruined Industrial Buildings/Extracted Materials/rengroundd.mat using Guid(8923db0a04ec1ab4f88b7c00b51c2a45) Importer(815301076,1909f56bfc062723c751e8b465ee728b)  -> (artifact id: 'da233b963ae4683058698164b3099654') in 0.012731 seconds 
Number of updated asset objects reloaded before import = 0
Number of asset objects unloaded after import = 2
========================================================================
Received Import Request.
  Time since last request: 0.000013 seconds.
  path: Assets/Models/Ruined Industrial Buildings/Extracted Materials/rengroundd.003.mat
  artifactKey: Guid(c28764b8e1a79da43904c2bf020e93ab) Importer(815301076,1909f56bfc062723c751e8b465ee728b)
Start importing Assets/Models/Ruined Industrial Buildings/Extracted Materials/rengroundd.003.mat using Guid(c28764b8e1a79da43904c2bf020e93ab) Importer(815301076,1909f56bfc062723c751e8b465ee728b)  -> (artifact id: '6e171c08690079a827740024f3de427d') in 0.012272 seconds 
Number of updated asset objects reloaded before import = 0
Number of asset objects unloaded after import = 2
========================================================================
Received Prepare
Begin MonoManager ReloadAssembly
Symbol file LoadedFromMemory doesn't match image C:\Users\mdholm\Desktop\S-CC_disaster_recovery\NSF_Disaster\Library\PackageCache\com.unity.visualscripting@1.8.0\Editor\VisualScripting.Core\Dependencies\YamlDotNet\Unity.VisualScripting.YamlDotNet.dll
Symbol file LoadedFromMemory doesn't match image C:\Users\mdholm\Desktop\S-CC_disaster_recovery\NSF_Disaster\Library\PackageCache\com.unity.visualscripting@1.8.0\Editor\VisualScripting.Core\Dependencies\DotNetZip\Unity.VisualScripting.IonicZip.dll
- Loaded All Assemblies, in  0.475 seconds
Refreshing native plugins compatible for Editor in 4.76 ms, found 9 plugins.
Native extension for WindowsStandalone target not found
[Package Manager] Server::EnsureServerProcessIsRunning -- launch failed, reason: Unity was launched with the -noUpm command-line argument
[Package Manager] UpmClient::Send -- Unable to send message (not connected to UPM process).
[Package Manager] Cannot connect to Unity Package Manager local server
Mono: successfully reloaded assembly
[Package Manager] Server::EnsureServerProcessIsRunning -- launch failed, reason: Unity was launched with the -noUpm command-line argument
[Package Manager] UpmClient::Send -- Unable to send message (not connected to UPM process).
[Package Manager] Cannot connect to Unity Package Manager local server
- Finished resetting the current domain, in  0.457 seconds
Domain Reload Profiling:
	ReloadAssembly (144ms)
		BeginReloadAssembly (99ms)
			ExecutionOrderSort (0ms)
			DisableScriptedObjects (2ms)
			BackupInstance (0ms)
			ReleaseScriptingObjects (0ms)
			CreateAndSetChildDomain (37ms)
		LoadAllAssembliesAndSetupDomain (330ms)
			LoadAssemblies (186ms)
			RebuildTransferFunctionScriptingTraits (0ms)
			SetupTypeCache (176ms)
				TypeCache.Initialize (168ms)
					TypeCache.ScanAssembly (164ms)
				ResolveRequiredComponents (8ms)
		FinalizeReload (0ms)
			ReleaseScriptCaches (0ms)
			RebuildScriptCaches (0ms)
			SetupLoadedEditorAssemblies (231ms)
				LogAssemblyErrors (0ms)
				InitializePlatformSupportModulesInManaged (3ms)
				SetLoadedEditorAssemblies (4ms)
				RefreshPlugins (0ms)
				BeforeProcessingInitializeOnLoad (53ms)
				ProcessInitializeOnLoadAttributes (154ms)
				ProcessInitializeOnLoadMethodAttributes (14ms)
				AfterProcessingInitializeOnLoad (3ms)
				EditorAssembliesLoaded (0ms)
			ExecutionOrderSort2 (0ms)
			AwakeInstancesAfterBackupRestoration (5ms)
Shader 'Oculus/OVRMRCameraFrameLit': fallback shader 'Alpha-Diffuse' not found
Refreshing native plugins compatible for Editor in 13.00 ms, found 9 plugins.
Preloading 2 native plugins for Editor in 0.10 ms.
Unloading 4862 Unused Serialized files (Serialized files now loaded: 0)
Unloading 51 unused Assets / (132.0 KB). Loaded Objects now: 5552.
Memory consumption went from 0.75 GB to 0.75 GB.
Total: 4.528300 ms (FindLiveObjects: 1.061500 ms CreateObjectMapping: 0.313800 ms MarkObjects: 2.857200 ms  DeleteObjects: 0.294300 ms)

Prepare: number of updated asset objects reloaded= 0
AssetImportParameters requested are different than current active one (requested -> active):
  custom:container-demuxer-ogg: 62fdf1f143b41e24485cea50d1cbac27 -> 
  custom:video-codec-MediaFoundation-h265: 746d11721c4dcdbdad8f713fa42b33f4 -> 
  custom:video-decoder-ogg-theora: a1e56fd34408186e4bbccfd4996cb3dc -> 
  custom:framework-win-MediaFoundation: 216162199b28c13a410421893ffa2e32 -> 
  custom:container-demuxer-webm: 4f35f7cbe854078d1ac9338744f61a02 -> 
  custom:container-muxer-webm: aa71ff27fc2769a1b78a27578f13a17b -> 
  custom:video-decoder-webm-vp8: 9c59270c3fd7afecdb556c50c9e8de78 -> 
  custom:AudioImporter_EditorPlatform: d09bf68614088b80899f8185d706f6e7 -> 
  custom:video-encoder-webm-vp8: eb34c28f22e8b96e1ab97ce403110664 -> 
  custom:audio-decoder-ogg-vorbis: bf7c407c2cedff20999df2af8eb42d56 -> 
  custom:audio-encoder-webm-vorbis: bf7c407c2cedff20999df2af8eb42d56 -> 
Editor requested this worker to shutdown with reason: Scaling down because of idle timeout
TcpMessagingSession - receive error: operation aborted. errorcode: 995, details: The I/O operation has been aborted because of either a thread exit or an application request.
AssetImportWorker is now disconnected from the server
Process exiting
Exiting without the bug reporter. Application will terminate with return code 0