Using pre-set license
Built from '2022.2/staging' branch; Version is '2022.2.7f1 (8331acaee5d3) revision 8597932'; Using compiler version '192829333'; Build Type 'Release'
OS: 'Windows 11  (10.0.22621) 64bit Enterprise' Language: 'en' Physical Memory: 32621 MB
BatchMode: 1, IsHumanControllingUs: 0, StartBugReporterOnCrash: 0, Is64bit: 1, IsPro: 1

COMMAND LINE ARGUMENTS:
C:\Program Files\Unity\Hub\Editor\2022.2.7f1\Editor\Unity.exe
-adb2
-batchMode
-noUpm
-name
AssetImportWorker1
-projectPath
C:/Users/mdholm/Desktop/S-CC_disaster_recovery/NSF_Disaster
-logFile
Logs/AssetImportWorker1.log
-srvPort
49988
Successfully changed project path to: C:/Users/mdholm/Desktop/S-CC_disaster_recovery/NSF_Disaster
C:/Users/mdholm/Desktop/S-CC_disaster_recovery/NSF_Disaster
[UnityMemory] Configuration Parameters - Can be set up in boot.config
    "memorysetup-bucket-allocator-granularity=16"
    "memorysetup-bucket-allocator-bucket-count=8"
    "memorysetup-bucket-allocator-block-size=33554432"
    "memorysetup-bucket-allocator-block-count=8"
    "memorysetup-main-allocator-block-size=16777216"
    "memorysetup-thread-allocator-block-size=16777216"
    "memorysetup-gfx-main-allocator-block-size=16777216"
    "memorysetup-gfx-thread-allocator-block-size=16777216"
    "memorysetup-cache-allocator-block-size=4194304"
    "memorysetup-typetree-allocator-block-size=2097152"
    "memorysetup-profiler-bucket-allocator-granularity=16"
    "memorysetup-profiler-bucket-allocator-bucket-count=8"
    "memorysetup-profiler-bucket-allocator-block-size=33554432"
    "memorysetup-profiler-bucket-allocator-block-count=8"
    "memorysetup-profiler-allocator-block-size=16777216"
    "memorysetup-profiler-editor-allocator-block-size=1048576"
    "memorysetup-temp-allocator-size-main=16777216"
    "memorysetup-job-temp-allocator-block-size=2097152"
    "memorysetup-job-temp-allocator-block-size-background=1048576"
    "memorysetup-job-temp-allocator-reduction-small-platforms=262144"
    "memorysetup-temp-allocator-size-background-worker=32768"
    "memorysetup-temp-allocator-size-job-worker=262144"
    "memorysetup-temp-allocator-size-preload-manager=33554432"
    "memorysetup-temp-allocator-size-nav-mesh-worker=65536"
    "memorysetup-temp-allocator-size-audio-worker=65536"
    "memorysetup-temp-allocator-size-cloud-worker=32768"
    "memorysetup-temp-allocator-size-gi-baking-worker=262144"
    "memorysetup-temp-allocator-size-gfx=262144"
Player connection [19788] Host "[IP] 10.24.221.23 [Port] 0 [Flags] 2 [Guid] 3366055762 [EditorId] 3366055762 [Version] 1048832 [Id] WindowsEditor(7,Yosemite) [Debug] 1 [PackageName] WindowsEditor [ProjectName] Editor" joined multi-casting on [225.0.0.222:54997]...

Player connection [19788] Host "[IP] 10.24.221.23 [Port] 0 [Flags] 2 [Guid] 3366055762 [EditorId] 3366055762 [Version] 1048832 [Id] WindowsEditor(7,Yosemite) [Debug] 1 [PackageName] WindowsEditor [ProjectName] Editor" joined alternative multi-casting on [225.0.0.222:34997]...

Refreshing native plugins compatible for Editor in 193.52 ms, found 9 plugins.
Preloading 2 native plugins for Editor in 1.50 ms.
Initialize engine version: 2022.2.7f1 (8331acaee5d3)
[Subsystems] Discovering subsystems at path C:/Program Files/Unity/Hub/Editor/2022.2.7f1/Editor/Data/Resources/UnitySubsystems
[Subsystems] Discovering subsystems at path C:/Users/mdholm/Desktop/S-CC_disaster_recovery/NSF_Disaster/Assets
GfxDevice: creating device client; threaded=0; jobified=0
Direct3D:
    Version:  Direct3D 11.0 [level 11.1]
    Renderer: NVIDIA TITAN Xp (ID=0x1b02)
    Vendor:   NVIDIA
    VRAM:     12139 MB
    Driver:   31.0.15.3742
Shader 'Oculus/OVRMRCameraFrameLit': fallback shader 'Alpha-Diffuse' not found
Initialize mono
Mono path[0] = 'C:/Program Files/Unity/Hub/Editor/2022.2.7f1/Editor/Data/Managed'
Mono path[1] = 'C:/Program Files/Unity/Hub/Editor/2022.2.7f1/Editor/Data/MonoBleedingEdge/lib/mono/unityjit-win32'
Mono config path = 'C:/Program Files/Unity/Hub/Editor/2022.2.7f1/Editor/Data/MonoBleedingEdge/etc'
Using monoOptions --debugger-agent=transport=dt_socket,embedding=1,server=y,suspend=n,address=127.0.0.1:56368
Begin MonoManager ReloadAssembly
Registering precompiled unity dll's ...
Register platform support module: C:/Program Files/Unity/Hub/Editor/2022.2.7f1/Editor/Data/PlaybackEngines/WindowsStandaloneSupport/UnityEditor.WindowsStandalone.Extensions.dll
Registered in 0.002713 seconds.
- Loaded All Assemblies, in  0.186 seconds
Native extension for WindowsStandalone target not found
Mono: successfully reloaded assembly
- Finished resetting the current domain, in  0.178 seconds
Domain Reload Profiling:
	ReloadAssembly (110ms)
		BeginReloadAssembly (44ms)
			ExecutionOrderSort (0ms)
			DisableScriptedObjects (0ms)
			BackupInstance (0ms)
			ReleaseScriptingObjects (0ms)
			CreateAndSetChildDomain (0ms)
		LoadAllAssembliesAndSetupDomain (0ms)
			LoadAssemblies (43ms)
			RebuildTransferFunctionScriptingTraits (0ms)
			SetupTypeCache (73ms)
				TypeCache.Initialize (72ms)
					TypeCache.ScanAssembly (71ms)
				ResolveRequiredComponents (0ms)
		FinalizeReload (0ms)
			ReleaseScriptCaches (0ms)
			RebuildScriptCaches (0ms)
			SetupLoadedEditorAssemblies (142ms)
				LogAssemblyErrors (0ms)
				InitializePlatformSupportModulesInManaged (5ms)
				SetLoadedEditorAssemblies (6ms)
				RefreshPlugins (0ms)
				BeforeProcessingInitializeOnLoad (1ms)
				ProcessInitializeOnLoadAttributes (93ms)
				ProcessInitializeOnLoadMethodAttributes (37ms)
				AfterProcessingInitializeOnLoad (0ms)
				EditorAssembliesLoaded (0ms)
			ExecutionOrderSort2 (0ms)
			AwakeInstancesAfterBackupRestoration (0ms)
========================================================================
Worker process is ready to serve import requests
Begin MonoManager ReloadAssembly
Symbol file LoadedFromMemory doesn't match image C:\Users\mdholm\Desktop\S-CC_disaster_recovery\NSF_Disaster\Library\PackageCache\com.unity.visualscripting@1.8.0\Editor\VisualScripting.Core\Dependencies\YamlDotNet\Unity.VisualScripting.YamlDotNet.dll
Symbol file LoadedFromMemory doesn't match image C:\Users\mdholm\Desktop\S-CC_disaster_recovery\NSF_Disaster\Library\PackageCache\com.unity.visualscripting@1.8.0\Editor\VisualScripting.Core\Dependencies\DotNetZip\Unity.VisualScripting.IonicZip.dll
- Loaded All Assemblies, in  0.681 seconds
Refreshing native plugins compatible for Editor in 5.14 ms, found 9 plugins.
Native extension for WindowsStandalone target not found
Package Manager log level set to [2]
[Package Manager] Server::EnsureServerProcessIsRunning -- launch failed, reason: Unity was launched with the -noUpm command-line argument
[Package Manager] UpmClient::Send -- Unable to send message (not connected to UPM process).
[Package Manager] Cannot connect to Unity Package Manager local server
[XR] OculusXRPlugin: registering subsystems
[XR] Unable to register display lifecyle provider: [1]
[XR] Oculus Input lifecycle provider registered.
[XR] Unable to register input lifecyle provider: [1]
[XR] OVRP version 1.88.0
Mono: successfully reloaded assembly
[Package Manager] Server::EnsureServerProcessIsRunning -- launch failed, reason: Unity was launched with the -noUpm command-line argument
[Package Manager] UpmClient::Send -- Unable to send message (not connected to UPM process).
[Package Manager] Cannot connect to Unity Package Manager local server
[Package Manager] Server::EnsureServerProcessIsRunning -- launch failed, reason: Unity was launched with the -noUpm command-line argument
[Package Manager] UpmClient::Send -- Unable to send message (not connected to UPM process).
[Package Manager] Cannot connect to Unity Package Manager local server
- Finished resetting the current domain, in  0.399 seconds
Domain Reload Profiling:
	ReloadAssembly (134ms)
		BeginReloadAssembly (74ms)
			ExecutionOrderSort (0ms)
			DisableScriptedObjects (4ms)
			BackupInstance (0ms)
			ReleaseScriptingObjects (0ms)
			CreateAndSetChildDomain (15ms)
		LoadAllAssembliesAndSetupDomain (545ms)
			LoadAssemblies (180ms)
			RebuildTransferFunctionScriptingTraits (0ms)
			SetupTypeCache (395ms)
				TypeCache.Initialize (201ms)
					TypeCache.ScanAssembly (197ms)
				ResolveRequiredComponents (8ms)
		FinalizeReload (0ms)
			ReleaseScriptCaches (0ms)
			RebuildScriptCaches (0ms)
			SetupLoadedEditorAssemblies (280ms)
				LogAssemblyErrors (0ms)
				InitializePlatformSupportModulesInManaged (3ms)
				SetLoadedEditorAssemblies (4ms)
				RefreshPlugins (0ms)
				BeforeProcessingInitializeOnLoad (53ms)
				ProcessInitializeOnLoadAttributes (200ms)
				ProcessInitializeOnLoadMethodAttributes (18ms)
				AfterProcessingInitializeOnLoad (3ms)
				EditorAssembliesLoaded (0ms)
			ExecutionOrderSort2 (0ms)
			AwakeInstancesAfterBackupRestoration (4ms)
Shader 'Oculus/OVRMRCameraFrameLit': fallback shader 'Alpha-Diffuse' not found
Launched and connected shader compiler UnityShaderCompiler.exe after 0.03 seconds
Refreshing native plugins compatible for Editor in 8.23 ms, found 9 plugins.
Preloading 2 native plugins for Editor in 0.11 ms.
Unloading 5022 Unused Serialized files (Serialized files now loaded: 0)
Unloading 57 unused Assets / (175.1 KB). Loaded Objects now: 5490.
Memory consumption went from 0.78 GB to 0.78 GB.
Total: 5.321900 ms (FindLiveObjects: 0.597400 ms CreateObjectMapping: 0.617200 ms MarkObjects: 3.752400 ms  DeleteObjects: 0.352100 ms)

AssetImportParameters requested are different than current active one (requested -> active):
  custom:container-demuxer-ogg: 62fdf1f143b41e24485cea50d1cbac27 -> 
  custom:video-codec-MediaFoundation-h265: 746d11721c4dcdbdad8f713fa42b33f4 -> 
  custom:video-decoder-ogg-theora: a1e56fd34408186e4bbccfd4996cb3dc -> 
  custom:framework-win-MediaFoundation: 216162199b28c13a410421893ffa2e32 -> 
  custom:container-demuxer-webm: 4f35f7cbe854078d1ac9338744f61a02 -> 
  custom:container-muxer-webm: aa71ff27fc2769a1b78a27578f13a17b -> 
  custom:video-decoder-webm-vp8: 9c59270c3fd7afecdb556c50c9e8de78 -> 
  custom:AudioImporter_EditorPlatform: d09bf68614088b80899f8185d706f6e7 -> 
  custom:video-encoder-webm-vp8: eb34c28f22e8b96e1ab97ce403110664 -> 
  custom:audio-decoder-ogg-vorbis: bf7c407c2cedff20999df2af8eb42d56 -> 
  custom:audio-encoder-webm-vorbis: bf7c407c2cedff20999df2af8eb42d56 -> 
========================================================================
Received Import Request.
  Time since last request: 148.992572 seconds.
  path: Assets/Models/House Destroyed 1/2.jpg
  artifactKey: Guid(18e603f0ce5624302bace145214a1472) Importer(815301076,1909f56bfc062723c751e8b465ee728b)
Start importing Assets/Models/House Destroyed 1/2.jpg using Guid(18e603f0ce5624302bace145214a1472) Importer(815301076,1909f56bfc062723c751e8b465ee728b)  -> (artifact id: '1315cd27bd4a74e93361a2a97dfaa70c') in 0.044400 seconds 
Number of updated asset objects reloaded before import = 0
Number of asset objects unloaded after import = 2
========================================================================
Received Import Request.
  Time since last request: 0.000019 seconds.
  path: Assets/Oculus/Interaction/Samples/Textures/Active.png
  artifactKey: Guid(dc71c444d9062474fb77b4171c1a4a03) Importer(815301076,1909f56bfc062723c751e8b465ee728b)
Start importing Assets/Oculus/Interaction/Samples/Textures/Active.png using Guid(dc71c444d9062474fb77b4171c1a4a03) Importer(815301076,1909f56bfc062723c751e8b465ee728b)  -> (artifact id: 'b5832558deeb25c091ee2c83df1b5807') in 0.042833 seconds 
Number of updated asset objects reloaded before import = 0
Number of asset objects unloaded after import = 3
========================================================================
Received Import Request.
  Time since last request: 0.000028 seconds.
  path: Assets/Oculus/LipSync/Models/RobotHead_TextureFlip/aa.png
  artifactKey: Guid(5c06354455999f94ea26114e261dde6d) Importer(815301076,1909f56bfc062723c751e8b465ee728b)
Start importing Assets/Oculus/LipSync/Models/RobotHead_TextureFlip/aa.png using Guid(5c06354455999f94ea26114e261dde6d) Importer(815301076,1909f56bfc062723c751e8b465ee728b)  -> (artifact id: 'dadbcccf1bff079bdee60c8bbadcf413') in 0.011715 seconds 
Number of updated asset objects reloaded before import = 0
Number of asset objects unloaded after import = 2
========================================================================
Received Import Request.
  Time since last request: 1.654486 seconds.
  path: Assets/Oculus/Interaction/Samples/ThirdParty/Textures/ComprehensiveGrabMapTexture.png
  artifactKey: Guid(1b30196ca66ece04f80c3809a3133644) Importer(815301076,1909f56bfc062723c751e8b465ee728b)
Start importing Assets/Oculus/Interaction/Samples/ThirdParty/Textures/ComprehensiveGrabMapTexture.png using Guid(1b30196ca66ece04f80c3809a3133644) Importer(815301076,1909f56bfc062723c751e8b465ee728b)  -> (artifact id: '44fa21f846f892cce4294e6816c7c577') in 0.017235 seconds 
Number of updated asset objects reloaded before import = 0
Number of asset objects unloaded after import = 3
========================================================================
Received Import Request.
  Time since last request: 0.000015 seconds.
  path: Assets/Models/LowpolyStreetPack/Meshes/Textures/grass.png
  artifactKey: Guid(3482d24f9e4f70741a9780133bcc144d) Importer(815301076,1909f56bfc062723c751e8b465ee728b)
Start importing Assets/Models/LowpolyStreetPack/Meshes/Textures/grass.png using Guid(3482d24f9e4f70741a9780133bcc144d) Importer(815301076,1909f56bfc062723c751e8b465ee728b)  -> (artifact id: 'f7dc51dfaa774da947ff94fc2ab4b5d4') in 0.011392 seconds 
Number of updated asset objects reloaded before import = 0
Number of asset objects unloaded after import = 2
========================================================================
Received Import Request.
  Time since last request: 0.000142 seconds.
  path: Packages/com.unity.collab-proxy/Editor/PlasticSCM/Assets/Images/iconemptygravatar.png
  artifactKey: Guid(91976e8b9ce0f0341838727acd55621c) Importer(815301076,1909f56bfc062723c751e8b465ee728b)
Start importing Packages/com.unity.collab-proxy/Editor/PlasticSCM/Assets/Images/iconemptygravatar.png using Guid(91976e8b9ce0f0341838727acd55621c) Importer(815301076,1909f56bfc062723c751e8b465ee728b)  -> (artifact id: '1e39e259929694278b9c0a43c39c1681') in 0.014580 seconds 
Number of updated asset objects reloaded before import = 0
Number of asset objects unloaded after import = 3
========================================================================
Received Import Request.
  Time since last request: 0.000020 seconds.
  path: Packages/com.unity.collab-proxy/Editor/PlasticSCM/Assets/Images/d_iconemptygravatar.png
  artifactKey: Guid(9aebd705574f9e642aef1e5f59b3e4d8) Importer(815301076,1909f56bfc062723c751e8b465ee728b)
Start importing Packages/com.unity.collab-proxy/Editor/PlasticSCM/Assets/Images/d_iconemptygravatar.png using Guid(9aebd705574f9e642aef1e5f59b3e4d8) Importer(815301076,1909f56bfc062723c751e8b465ee728b)  -> (artifact id: 'bf5f08b6f0eaef2eabd040296cf48ae0') in 0.013420 seconds 
Number of updated asset objects reloaded before import = 0
Number of asset objects unloaded after import = 3
========================================================================
Received Import Request.
  Time since last request: 0.000028 seconds.
  path: Packages/com.unity.collab-proxy/Editor/PlasticSCM/Assets/Images/iconemptygravatar@2x.png
  artifactKey: Guid(da545229eea36164d8b8cba2f75a1143) Importer(815301076,1909f56bfc062723c751e8b465ee728b)
Start importing Packages/com.unity.collab-proxy/Editor/PlasticSCM/Assets/Images/iconemptygravatar@2x.png using Guid(da545229eea36164d8b8cba2f75a1143) Importer(815301076,1909f56bfc062723c751e8b465ee728b)  -> (artifact id: '01216af5626567be1dc38cc7836134ec') in 0.013506 seconds 
Number of updated asset objects reloaded before import = 0
Number of asset objects unloaded after import = 3
========================================================================
Received Import Request.
  Time since last request: 111.456464 seconds.
  path: Assets/Models/Cars Damaged/AcCar_01.FBX
  artifactKey: Guid(6787559f746be483eb1d4da66ae7f168) Importer(815301076,1909f56bfc062723c751e8b465ee728b)
Start importing Assets/Models/Cars Damaged/AcCar_01.FBX using Guid(6787559f746be483eb1d4da66ae7f168) Importer(815301076,1909f56bfc062723c751e8b465ee728b)  -> (artifact id: '0bc8df9995ce2454b0e3536bcd67436c') in 0.066519 seconds 
Number of updated asset objects reloaded before import = 0
Number of asset objects unloaded after import = 30
========================================================================
Received Import Request.
  Time since last request: 0.000019 seconds.
  path: Assets/Models/Cars Damaged/AcCar_10.FBX
  artifactKey: Guid(29d8e6f2953fc493ea8080ff6e2f2ce8) Importer(815301076,1909f56bfc062723c751e8b465ee728b)
Start importing Assets/Models/Cars Damaged/AcCar_10.FBX using Guid(29d8e6f2953fc493ea8080ff6e2f2ce8) Importer(815301076,1909f56bfc062723c751e8b465ee728b)  -> (artifact id: 'c96c6fd86806f73b1d65570a6ab489b5') in 0.029446 seconds 
Number of updated asset objects reloaded before import = 0
Number of asset objects unloaded after import = 35
========================================================================
Received Import Request.
  Time since last request: 0.000013 seconds.
  path: Assets/Models/Cars Damaged/AcCar_06.FBX
  artifactKey: Guid(fcebd3d463a4a44c59bf13d98ea371f9) Importer(815301076,1909f56bfc062723c751e8b465ee728b)
Start importing Assets/Models/Cars Damaged/AcCar_06.FBX using Guid(fcebd3d463a4a44c59bf13d98ea371f9) Importer(815301076,1909f56bfc062723c751e8b465ee728b)  -> (artifact id: '6c23f628e4cd9e348d60bacff8d8a81b') in 0.031218 seconds 
Number of updated asset objects reloaded before import = 0
Number of asset objects unloaded after import = 55
========================================================================
Received Import Request.
  Time since last request: 0.000013 seconds.
  path: Assets/Models/Cars Damaged/AcCar_02.FBX
  artifactKey: Guid(eeb28f13be53242abb2879e0c2e3754b) Importer(815301076,1909f56bfc062723c751e8b465ee728b)
Start importing Assets/Models/Cars Damaged/AcCar_02.FBX using Guid(eeb28f13be53242abb2879e0c2e3754b) Importer(815301076,1909f56bfc062723c751e8b465ee728b)  -> (artifact id: '290c6536c506bfadab667f949640d6ad') in 0.021401 seconds 
Number of updated asset objects reloaded before import = 0
Number of asset objects unloaded after import = 27
========================================================================
Received Import Request.
  Time since last request: 0.000015 seconds.
  path: Assets/Models/Cars Damaged/AcCar_07.FBX
  artifactKey: Guid(f1ed0f3bffb6642608e385f44d908c7c) Importer(815301076,1909f56bfc062723c751e8b465ee728b)
Start importing Assets/Models/Cars Damaged/AcCar_07.FBX using Guid(f1ed0f3bffb6642608e385f44d908c7c) Importer(815301076,1909f56bfc062723c751e8b465ee728b)  -> (artifact id: '55fbb88f73d698a983f9ebd8ed142e32') in 0.023087 seconds 
Number of updated asset objects reloaded before import = 0
Number of asset objects unloaded after import = 35
========================================================================
Received Import Request.
  Time since last request: 2.070930 seconds.
  path: Assets/small_town_america/general/models/street/general_street_straight_no_markings_long.fbx
  artifactKey: Guid(3c46e1ca4159f7e468d5b7472a3793e7) Importer(815301076,1909f56bfc062723c751e8b465ee728b)
Start importing Assets/small_town_america/general/models/street/general_street_straight_no_markings_long.fbx using Guid(3c46e1ca4159f7e468d5b7472a3793e7) Importer(815301076,1909f56bfc062723c751e8b465ee728b)  -> (artifact id: '1739c5427709d4eb4d7ce0518ade4061') in 0.024612 seconds 
Number of updated asset objects reloaded before import = 0
Number of asset objects unloaded after import = 11
========================================================================
Received Import Request.
  Time since last request: 0.000015 seconds.
  path: Assets/Models/LowpolyStreetPack/Prefabs/StreetProps/Signs/StreetSigns/StreetSign_C.prefab
  artifactKey: Guid(d48a7a7e3030b9047981fab701491ef3) Importer(815301076,1909f56bfc062723c751e8b465ee728b)
Start importing Assets/Models/LowpolyStreetPack/Prefabs/StreetProps/Signs/StreetSigns/StreetSign_C.prefab using Guid(d48a7a7e3030b9047981fab701491ef3) Importer(815301076,1909f56bfc062723c751e8b465ee728b)  -> (artifact id: '6c5c48e6d5510f27b48bbd76b4e3596d') in 0.026957 seconds 
Number of updated asset objects reloaded before import = 0
Number of asset objects unloaded after import = 10
========================================================================
Received Import Request.
  Time since last request: 0.000020 seconds.
  path: Assets/NatureStarterKit2/Nature/tree01.prefab
  artifactKey: Guid(393b236c42954a640b513d46de90ac38) Importer(815301076,1909f56bfc062723c751e8b465ee728b)
Start importing Assets/NatureStarterKit2/Nature/tree01.prefab using Guid(393b236c42954a640b513d46de90ac38) Importer(815301076,1909f56bfc062723c751e8b465ee728b)  -> (artifact id: '9bb63285b7d4963f6edd9dac3a73a3af') in 0.038612 seconds 
Number of updated asset objects reloaded before import = 0
Number of asset objects unloaded after import = 20
========================================================================
Received Import Request.
  Time since last request: 494.898983 seconds.
  path: Assets/Oculus/Interaction/Samples/Objects/Environment/SmallRoom/Models/smallRoom.fbx
  artifactKey: Guid(f7c82b9ce28f07e4fa7f50280661a061) Importer(815301076,1909f56bfc062723c751e8b465ee728b)
Start importing Assets/Oculus/Interaction/Samples/Objects/Environment/SmallRoom/Models/smallRoom.fbx using Guid(f7c82b9ce28f07e4fa7f50280661a061) Importer(815301076,1909f56bfc062723c751e8b465ee728b)  -> (artifact id: '4f73ba030a242d669c0b1d3725e2e382') in 0.057909 seconds 
Number of updated asset objects reloaded before import = 0
Number of asset objects unloaded after import = 41
========================================================================
Received Import Request.
  Time since last request: 0.000016 seconds.
  path: Assets/Oculus/Interaction/Samples/Objects/Environment/Room/Models/SmallRoom.fbx
  artifactKey: Guid(78906942dba6db24ca155679a45f60ef) Importer(815301076,1909f56bfc062723c751e8b465ee728b)
Start importing Assets/Oculus/Interaction/Samples/Objects/Environment/Room/Models/SmallRoom.fbx using Guid(78906942dba6db24ca155679a45f60ef) Importer(815301076,1909f56bfc062723c751e8b465ee728b)  -> (artifact id: 'a0d93e6520860143d5baec23a854b830') in 0.125713 seconds 
Number of updated asset objects reloaded before import = 0
Number of asset objects unloaded after import = 102
========================================================================
Received Import Request.
  Time since last request: 151.006639 seconds.
  path: Assets/NatureStarterKit2/Nature/bush03.prefab
  artifactKey: Guid(9c74caa742791864f9c678287121e6c9) Importer(815301076,1909f56bfc062723c751e8b465ee728b)
Start importing Assets/NatureStarterKit2/Nature/bush03.prefab using Guid(9c74caa742791864f9c678287121e6c9) Importer(815301076,1909f56bfc062723c751e8b465ee728b)  -> (artifact id: '8cf8b4d335bd06dde9628ff962894788') in 0.034923 seconds 
Number of updated asset objects reloaded before import = 0
Number of asset objects unloaded after import = 19
========================================================================
Received Prepare
Begin MonoManager ReloadAssembly
Symbol file LoadedFromMemory doesn't match image C:\Users\mdholm\Desktop\S-CC_disaster_recovery\NSF_Disaster\Library\PackageCache\com.unity.visualscripting@1.8.0\Editor\VisualScripting.Core\Dependencies\YamlDotNet\Unity.VisualScripting.YamlDotNet.dll
Symbol file LoadedFromMemory doesn't match image C:\Users\mdholm\Desktop\S-CC_disaster_recovery\NSF_Disaster\Library\PackageCache\com.unity.visualscripting@1.8.0\Editor\VisualScripting.Core\Dependencies\DotNetZip\Unity.VisualScripting.IonicZip.dll
- Loaded All Assemblies, in  0.481 seconds
Refreshing native plugins compatible for Editor in 5.56 ms, found 9 plugins.
Native extension for WindowsStandalone target not found
[Package Manager] Server::EnsureServerProcessIsRunning -- launch failed, reason: Unity was launched with the -noUpm command-line argument
[Package Manager] UpmClient::Send -- Unable to send message (not connected to UPM process).
[Package Manager] Cannot connect to Unity Package Manager local server
Mono: successfully reloaded assembly
[Package Manager] Server::EnsureServerProcessIsRunning -- launch failed, reason: Unity was launched with the -noUpm command-line argument
[Package Manager] UpmClient::Send -- Unable to send message (not connected to UPM process).
[Package Manager] Cannot connect to Unity Package Manager local server
- Finished resetting the current domain, in  0.466 seconds
Domain Reload Profiling:
	ReloadAssembly (147ms)
		BeginReloadAssembly (103ms)
			ExecutionOrderSort (0ms)
			DisableScriptedObjects (2ms)
			BackupInstance (0ms)
			ReleaseScriptingObjects (0ms)
			CreateAndSetChildDomain (34ms)
		LoadAllAssembliesAndSetupDomain (332ms)
			LoadAssemblies (187ms)
			RebuildTransferFunctionScriptingTraits (0ms)
			SetupTypeCache (180ms)
				TypeCache.Initialize (172ms)
					TypeCache.ScanAssembly (167ms)
				ResolveRequiredComponents (8ms)
		FinalizeReload (0ms)
			ReleaseScriptCaches (0ms)
			RebuildScriptCaches (0ms)
			SetupLoadedEditorAssemblies (233ms)
				LogAssemblyErrors (0ms)
				InitializePlatformSupportModulesInManaged (4ms)
				SetLoadedEditorAssemblies (4ms)
				RefreshPlugins (0ms)
				BeforeProcessingInitializeOnLoad (50ms)
				ProcessInitializeOnLoadAttributes (159ms)
				ProcessInitializeOnLoadMethodAttributes (14ms)
				AfterProcessingInitializeOnLoad (3ms)
				EditorAssembliesLoaded (0ms)
			ExecutionOrderSort2 (0ms)
			AwakeInstancesAfterBackupRestoration (4ms)
Shader 'Oculus/OVRMRCameraFrameLit': fallback shader 'Alpha-Diffuse' not found
Refreshing native plugins compatible for Editor in 4.99 ms, found 9 plugins.
Preloading 2 native plugins for Editor in 0.05 ms.
Unloading 4862 Unused Serialized files (Serialized files now loaded: 0)
Unloading 52 unused Assets / (141.0 KB). Loaded Objects now: 5549.
Memory consumption went from 0.75 GB to 0.75 GB.
Total: 2.508000 ms (FindLiveObjects: 0.270500 ms CreateObjectMapping: 0.166100 ms MarkObjects: 1.940500 ms  DeleteObjects: 0.130000 ms)

Prepare: number of updated asset objects reloaded= 0
AssetImportParameters requested are different than current active one (requested -> active):
  custom:container-demuxer-ogg: 62fdf1f143b41e24485cea50d1cbac27 -> 
  custom:video-codec-MediaFoundation-h265: 746d11721c4dcdbdad8f713fa42b33f4 -> 
  custom:video-decoder-ogg-theora: a1e56fd34408186e4bbccfd4996cb3dc -> 
  custom:framework-win-MediaFoundation: 216162199b28c13a410421893ffa2e32 -> 
  custom:container-demuxer-webm: 4f35f7cbe854078d1ac9338744f61a02 -> 
  custom:container-muxer-webm: aa71ff27fc2769a1b78a27578f13a17b -> 
  custom:video-decoder-webm-vp8: 9c59270c3fd7afecdb556c50c9e8de78 -> 
  custom:AudioImporter_EditorPlatform: d09bf68614088b80899f8185d706f6e7 -> 
  custom:video-encoder-webm-vp8: eb34c28f22e8b96e1ab97ce403110664 -> 
  custom:audio-decoder-ogg-vorbis: bf7c407c2cedff20999df2af8eb42d56 -> 
  custom:audio-encoder-webm-vorbis: bf7c407c2cedff20999df2af8eb42d56 -> 
========================================================================
Received Prepare
Begin MonoManager ReloadAssembly
Symbol file LoadedFromMemory doesn't match image C:\Users\mdholm\Desktop\S-CC_disaster_recovery\NSF_Disaster\Library\PackageCache\com.unity.visualscripting@1.8.0\Editor\VisualScripting.Core\Dependencies\YamlDotNet\Unity.VisualScripting.YamlDotNet.dll
Symbol file LoadedFromMemory doesn't match image C:\Users\mdholm\Desktop\S-CC_disaster_recovery\NSF_Disaster\Library\PackageCache\com.unity.visualscripting@1.8.0\Editor\VisualScripting.Core\Dependencies\DotNetZip\Unity.VisualScripting.IonicZip.dll
- Loaded All Assemblies, in  0.449 seconds
Refreshing native plugins compatible for Editor in 4.91 ms, found 9 plugins.
Native extension for WindowsStandalone target not found
[Package Manager] Server::EnsureServerProcessIsRunning -- launch failed, reason: Unity was launched with the -noUpm command-line argument
[Package Manager] UpmClient::Send -- Unable to send message (not connected to UPM process).
[Package Manager] Cannot connect to Unity Package Manager local server
Mono: successfully reloaded assembly
[Package Manager] Server::EnsureServerProcessIsRunning -- launch failed, reason: Unity was launched with the -noUpm command-line argument
[Package Manager] UpmClient::Send -- Unable to send message (not connected to UPM process).
[Package Manager] Cannot connect to Unity Package Manager local server
- Finished resetting the current domain, in  0.452 seconds
Domain Reload Profiling:
	ReloadAssembly (132ms)
		BeginReloadAssembly (89ms)
			ExecutionOrderSort (0ms)
			DisableScriptedObjects (3ms)
			BackupInstance (0ms)
			ReleaseScriptingObjects (0ms)
			CreateAndSetChildDomain (28ms)
		LoadAllAssembliesAndSetupDomain (315ms)
			LoadAssemblies (163ms)
			RebuildTransferFunctionScriptingTraits (0ms)
			SetupTypeCache (184ms)
				TypeCache.Initialize (176ms)
					TypeCache.ScanAssembly (172ms)
				ResolveRequiredComponents (8ms)
		FinalizeReload (0ms)
			ReleaseScriptCaches (0ms)
			RebuildScriptCaches (0ms)
			SetupLoadedEditorAssemblies (231ms)
				LogAssemblyErrors (0ms)
				InitializePlatformSupportModulesInManaged (3ms)
				SetLoadedEditorAssemblies (4ms)
				RefreshPlugins (0ms)
				BeforeProcessingInitializeOnLoad (52ms)
				ProcessInitializeOnLoadAttributes (156ms)
				ProcessInitializeOnLoadMethodAttributes (14ms)
				AfterProcessingInitializeOnLoad (3ms)
				EditorAssembliesLoaded (0ms)
			ExecutionOrderSort2 (0ms)
			AwakeInstancesAfterBackupRestoration (4ms)
Shader 'Oculus/OVRMRCameraFrameLit': fallback shader 'Alpha-Diffuse' not found
Refreshing native plugins compatible for Editor in 6.58 ms, found 9 plugins.
Preloading 2 native plugins for Editor in 0.05 ms.
Unloading 4863 Unused Serialized files (Serialized files now loaded: 0)
Unloading 52 unused Assets / (148.2 KB). Loaded Objects now: 5553.
Memory consumption went from 0.75 GB to 0.75 GB.
Total: 2.488900 ms (FindLiveObjects: 0.269700 ms CreateObjectMapping: 0.152900 ms MarkObjects: 1.881600 ms  DeleteObjects: 0.184100 ms)

Prepare: number of updated asset objects reloaded= 0
AssetImportParameters requested are different than current active one (requested -> active):
  custom:container-demuxer-ogg: 62fdf1f143b41e24485cea50d1cbac27 -> 
  custom:video-codec-MediaFoundation-h265: 746d11721c4dcdbdad8f713fa42b33f4 -> 
  custom:video-decoder-ogg-theora: a1e56fd34408186e4bbccfd4996cb3dc -> 
  custom:framework-win-MediaFoundation: 216162199b28c13a410421893ffa2e32 -> 
  custom:container-demuxer-webm: 4f35f7cbe854078d1ac9338744f61a02 -> 
  custom:container-muxer-webm: aa71ff27fc2769a1b78a27578f13a17b -> 
  custom:video-decoder-webm-vp8: 9c59270c3fd7afecdb556c50c9e8de78 -> 
  custom:AudioImporter_EditorPlatform: d09bf68614088b80899f8185d706f6e7 -> 
  custom:video-encoder-webm-vp8: eb34c28f22e8b96e1ab97ce403110664 -> 
  custom:audio-decoder-ogg-vorbis: bf7c407c2cedff20999df2af8eb42d56 -> 
  custom:audio-encoder-webm-vorbis: bf7c407c2cedff20999df2af8eb42d56 -> 
========================================================================
Received Prepare
Begin MonoManager ReloadAssembly
Symbol file LoadedFromMemory doesn't match image C:\Users\mdholm\Desktop\S-CC_disaster_recovery\NSF_Disaster\Library\PackageCache\com.unity.visualscripting@1.8.0\Editor\VisualScripting.Core\Dependencies\YamlDotNet\Unity.VisualScripting.YamlDotNet.dll
Symbol file LoadedFromMemory doesn't match image C:\Users\mdholm\Desktop\S-CC_disaster_recovery\NSF_Disaster\Library\PackageCache\com.unity.visualscripting@1.8.0\Editor\VisualScripting.Core\Dependencies\DotNetZip\Unity.VisualScripting.IonicZip.dll
- Loaded All Assemblies, in  0.444 seconds
Refreshing native plugins compatible for Editor in 4.99 ms, found 9 plugins.
Native extension for WindowsStandalone target not found
[Package Manager] Server::EnsureServerProcessIsRunning -- launch failed, reason: Unity was launched with the -noUpm command-line argument
[Package Manager] UpmClient::Send -- Unable to send message (not connected to UPM process).
[Package Manager] Cannot connect to Unity Package Manager local server
Mono: successfully reloaded assembly
[Package Manager] Server::EnsureServerProcessIsRunning -- launch failed, reason: Unity was launched with the -noUpm command-line argument
[Package Manager] UpmClient::Send -- Unable to send message (not connected to UPM process).
[Package Manager] Cannot connect to Unity Package Manager local server
- Finished resetting the current domain, in  0.445 seconds
Domain Reload Profiling:
	ReloadAssembly (130ms)
		BeginReloadAssembly (87ms)
			ExecutionOrderSort (0ms)
			DisableScriptedObjects (2ms)
			BackupInstance (0ms)
			ReleaseScriptingObjects (0ms)
			CreateAndSetChildDomain (26ms)
		LoadAllAssembliesAndSetupDomain (312ms)
			LoadAssemblies (165ms)
			RebuildTransferFunctionScriptingTraits (0ms)
			SetupTypeCache (177ms)
				TypeCache.Initialize (169ms)
					TypeCache.ScanAssembly (165ms)
				ResolveRequiredComponents (8ms)
		FinalizeReload (0ms)
			ReleaseScriptCaches (0ms)
			RebuildScriptCaches (0ms)
			SetupLoadedEditorAssemblies (224ms)
				LogAssemblyErrors (0ms)
				InitializePlatformSupportModulesInManaged (3ms)
				SetLoadedEditorAssemblies (4ms)
				RefreshPlugins (0ms)
				BeforeProcessingInitializeOnLoad (50ms)
				ProcessInitializeOnLoadAttributes (148ms)
				ProcessInitializeOnLoadMethodAttributes (15ms)
				AfterProcessingInitializeOnLoad (4ms)
				EditorAssembliesLoaded (0ms)
			ExecutionOrderSort2 (0ms)
			AwakeInstancesAfterBackupRestoration (4ms)
Shader 'Oculus/OVRMRCameraFrameLit': fallback shader 'Alpha-Diffuse' not found
Refreshing native plugins compatible for Editor in 6.84 ms, found 9 plugins.
Preloading 2 native plugins for Editor in 0.04 ms.
Unloading 4863 Unused Serialized files (Serialized files now loaded: 0)
Unloading 52 unused Assets / (140.1 KB). Loaded Objects now: 5557.
Memory consumption went from 0.75 GB to 0.75 GB.
Total: 2.410100 ms (FindLiveObjects: 0.239200 ms CreateObjectMapping: 0.136500 ms MarkObjects: 1.907100 ms  DeleteObjects: 0.126600 ms)

Prepare: number of updated asset objects reloaded= 0
AssetImportParameters requested are different than current active one (requested -> active):
  custom:container-demuxer-ogg: 62fdf1f143b41e24485cea50d1cbac27 -> 
  custom:video-codec-MediaFoundation-h265: 746d11721c4dcdbdad8f713fa42b33f4 -> 
  custom:video-decoder-ogg-theora: a1e56fd34408186e4bbccfd4996cb3dc -> 
  custom:framework-win-MediaFoundation: 216162199b28c13a410421893ffa2e32 -> 
  custom:container-demuxer-webm: 4f35f7cbe854078d1ac9338744f61a02 -> 
  custom:container-muxer-webm: aa71ff27fc2769a1b78a27578f13a17b -> 
  custom:video-decoder-webm-vp8: 9c59270c3fd7afecdb556c50c9e8de78 -> 
  custom:AudioImporter_EditorPlatform: d09bf68614088b80899f8185d706f6e7 -> 
  custom:video-encoder-webm-vp8: eb34c28f22e8b96e1ab97ce403110664 -> 
  custom:audio-decoder-ogg-vorbis: bf7c407c2cedff20999df2af8eb42d56 -> 
  custom:audio-encoder-webm-vorbis: bf7c407c2cedff20999df2af8eb42d56 -> 
========================================================================
Received Prepare
Begin MonoManager ReloadAssembly
Symbol file LoadedFromMemory doesn't match image C:\Users\mdholm\Desktop\S-CC_disaster_recovery\NSF_Disaster\Library\PackageCache\com.unity.visualscripting@1.8.0\Editor\VisualScripting.Core\Dependencies\YamlDotNet\Unity.VisualScripting.YamlDotNet.dll
Symbol file LoadedFromMemory doesn't match image C:\Users\mdholm\Desktop\S-CC_disaster_recovery\NSF_Disaster\Library\PackageCache\com.unity.visualscripting@1.8.0\Editor\VisualScripting.Core\Dependencies\DotNetZip\Unity.VisualScripting.IonicZip.dll
- Loaded All Assemblies, in  0.447 seconds
Refreshing native plugins compatible for Editor in 4.91 ms, found 9 plugins.
Native extension for WindowsStandalone target not found
[Package Manager] Server::EnsureServerProcessIsRunning -- launch failed, reason: Unity was launched with the -noUpm command-line argument
[Package Manager] UpmClient::Send -- Unable to send message (not connected to UPM process).
[Package Manager] Cannot connect to Unity Package Manager local server
Mono: successfully reloaded assembly
[Package Manager] Server::EnsureServerProcessIsRunning -- launch failed, reason: Unity was launched with the -noUpm command-line argument
[Package Manager] UpmClient::Send -- Unable to send message (not connected to UPM process).
[Package Manager] Cannot connect to Unity Package Manager local server
- Finished resetting the current domain, in  0.450 seconds
Domain Reload Profiling:
	ReloadAssembly (135ms)
		BeginReloadAssembly (90ms)
			ExecutionOrderSort (0ms)
			DisableScriptedObjects (2ms)
			BackupInstance (0ms)
			ReleaseScriptingObjects (0ms)
			CreateAndSetChildDomain (29ms)
		LoadAllAssembliesAndSetupDomain (310ms)
			LoadAssemblies (167ms)
			RebuildTransferFunctionScriptingTraits (0ms)
			SetupTypeCache (174ms)
				TypeCache.Initialize (165ms)
					TypeCache.ScanAssembly (161ms)
				ResolveRequiredComponents (8ms)
		FinalizeReload (0ms)
			ReleaseScriptCaches (0ms)
			RebuildScriptCaches (0ms)
			SetupLoadedEditorAssemblies (233ms)
				LogAssemblyErrors (0ms)
				InitializePlatformSupportModulesInManaged (3ms)
				SetLoadedEditorAssemblies (4ms)
				RefreshPlugins (0ms)
				BeforeProcessingInitializeOnLoad (49ms)
				ProcessInitializeOnLoadAttributes (158ms)
				ProcessInitializeOnLoadMethodAttributes (15ms)
				AfterProcessingInitializeOnLoad (3ms)
				EditorAssembliesLoaded (0ms)
			ExecutionOrderSort2 (0ms)
			AwakeInstancesAfterBackupRestoration (4ms)
Shader 'Oculus/OVRMRCameraFrameLit': fallback shader 'Alpha-Diffuse' not found
Refreshing native plugins compatible for Editor in 4.63 ms, found 9 plugins.
Preloading 2 native plugins for Editor in 0.05 ms.
Unloading 4863 Unused Serialized files (Serialized files now loaded: 0)
Unloading 52 unused Assets / (148.3 KB). Loaded Objects now: 5561.
Memory consumption went from 0.75 GB to 0.75 GB.
Total: 2.400700 ms (FindLiveObjects: 0.249200 ms CreateObjectMapping: 0.152500 ms MarkObjects: 1.854600 ms  DeleteObjects: 0.143600 ms)

Prepare: number of updated asset objects reloaded= 0
AssetImportParameters requested are different than current active one (requested -> active):
  custom:container-demuxer-ogg: 62fdf1f143b41e24485cea50d1cbac27 -> 
  custom:video-codec-MediaFoundation-h265: 746d11721c4dcdbdad8f713fa42b33f4 -> 
  custom:video-decoder-ogg-theora: a1e56fd34408186e4bbccfd4996cb3dc -> 
  custom:framework-win-MediaFoundation: 216162199b28c13a410421893ffa2e32 -> 
  custom:container-demuxer-webm: 4f35f7cbe854078d1ac9338744f61a02 -> 
  custom:container-muxer-webm: aa71ff27fc2769a1b78a27578f13a17b -> 
  custom:video-decoder-webm-vp8: 9c59270c3fd7afecdb556c50c9e8de78 -> 
  custom:AudioImporter_EditorPlatform: d09bf68614088b80899f8185d706f6e7 -> 
  custom:video-encoder-webm-vp8: eb34c28f22e8b96e1ab97ce403110664 -> 
  custom:audio-decoder-ogg-vorbis: bf7c407c2cedff20999df2af8eb42d56 -> 
  custom:audio-encoder-webm-vorbis: bf7c407c2cedff20999df2af8eb42d56 -> 
========================================================================
Received Prepare
Begin MonoManager ReloadAssembly
Symbol file LoadedFromMemory doesn't match image C:\Users\mdholm\Desktop\S-CC_disaster_recovery\NSF_Disaster\Library\PackageCache\com.unity.visualscripting@1.8.0\Editor\VisualScripting.Core\Dependencies\YamlDotNet\Unity.VisualScripting.YamlDotNet.dll
Symbol file LoadedFromMemory doesn't match image C:\Users\mdholm\Desktop\S-CC_disaster_recovery\NSF_Disaster\Library\PackageCache\com.unity.visualscripting@1.8.0\Editor\VisualScripting.Core\Dependencies\DotNetZip\Unity.VisualScripting.IonicZip.dll
- Loaded All Assemblies, in  0.485 seconds
Refreshing native plugins compatible for Editor in 5.01 ms, found 9 plugins.
Native extension for WindowsStandalone target not found
[Package Manager] Server::EnsureServerProcessIsRunning -- launch failed, reason: Unity was launched with the -noUpm command-line argument
[Package Manager] UpmClient::Send -- Unable to send message (not connected to UPM process).
[Package Manager] Cannot connect to Unity Package Manager local server
Mono: successfully reloaded assembly
[Package Manager] Server::EnsureServerProcessIsRunning -- launch failed, reason: Unity was launched with the -noUpm command-line argument
[Package Manager] UpmClient::Send -- Unable to send message (not connected to UPM process).
[Package Manager] Cannot connect to Unity Package Manager local server
- Finished resetting the current domain, in  0.456 seconds
Domain Reload Profiling:
	ReloadAssembly (135ms)
		BeginReloadAssembly (91ms)
			ExecutionOrderSort (0ms)
			DisableScriptedObjects (3ms)
			BackupInstance (0ms)
			ReleaseScriptingObjects (0ms)
			CreateAndSetChildDomain (27ms)
		LoadAllAssembliesAndSetupDomain (348ms)
			LoadAssemblies (182ms)
			RebuildTransferFunctionScriptingTraits (0ms)
			SetupTypeCache (198ms)
				TypeCache.Initialize (175ms)
					TypeCache.ScanAssembly (171ms)
				ResolveRequiredComponents (8ms)
		FinalizeReload (0ms)
			ReleaseScriptCaches (0ms)
			RebuildScriptCaches (0ms)
			SetupLoadedEditorAssemblies (228ms)
				LogAssemblyErrors (0ms)
				InitializePlatformSupportModulesInManaged (3ms)
				SetLoadedEditorAssemblies (4ms)
				RefreshPlugins (0ms)
				BeforeProcessingInitializeOnLoad (50ms)
				ProcessInitializeOnLoadAttributes (154ms)
				ProcessInitializeOnLoadMethodAttributes (14ms)
				AfterProcessingInitializeOnLoad (3ms)
				EditorAssembliesLoaded (0ms)
			ExecutionOrderSort2 (0ms)
			AwakeInstancesAfterBackupRestoration (4ms)
Shader 'Oculus/OVRMRCameraFrameLit': fallback shader 'Alpha-Diffuse' not found
Refreshing native plugins compatible for Editor in 4.74 ms, found 9 plugins.
Preloading 2 native plugins for Editor in 0.05 ms.
Unloading 4863 Unused Serialized files (Serialized files now loaded: 0)
Unloading 52 unused Assets / (140.2 KB). Loaded Objects now: 5565.
Memory consumption went from 0.75 GB to 0.75 GB.
Total: 2.401900 ms (FindLiveObjects: 0.264900 ms CreateObjectMapping: 0.151500 ms MarkObjects: 1.850200 ms  DeleteObjects: 0.134300 ms)

Prepare: number of updated asset objects reloaded= 0
AssetImportParameters requested are different than current active one (requested -> active):
  custom:container-demuxer-ogg: 62fdf1f143b41e24485cea50d1cbac27 -> 
  custom:video-codec-MediaFoundation-h265: 746d11721c4dcdbdad8f713fa42b33f4 -> 
  custom:video-decoder-ogg-theora: a1e56fd34408186e4bbccfd4996cb3dc -> 
  custom:framework-win-MediaFoundation: 216162199b28c13a410421893ffa2e32 -> 
  custom:container-demuxer-webm: 4f35f7cbe854078d1ac9338744f61a02 -> 
  custom:container-muxer-webm: aa71ff27fc2769a1b78a27578f13a17b -> 
  custom:video-decoder-webm-vp8: 9c59270c3fd7afecdb556c50c9e8de78 -> 
  custom:AudioImporter_EditorPlatform: d09bf68614088b80899f8185d706f6e7 -> 
  custom:video-encoder-webm-vp8: eb34c28f22e8b96e1ab97ce403110664 -> 
  custom:audio-decoder-ogg-vorbis: bf7c407c2cedff20999df2af8eb42d56 -> 
  custom:audio-encoder-webm-vorbis: bf7c407c2cedff20999df2af8eb42d56 -> 
========================================================================
Received Prepare
Begin MonoManager ReloadAssembly
Symbol file LoadedFromMemory doesn't match image C:\Users\mdholm\Desktop\S-CC_disaster_recovery\NSF_Disaster\Library\PackageCache\com.unity.visualscripting@1.8.0\Editor\VisualScripting.Core\Dependencies\YamlDotNet\Unity.VisualScripting.YamlDotNet.dll
Symbol file LoadedFromMemory doesn't match image C:\Users\mdholm\Desktop\S-CC_disaster_recovery\NSF_Disaster\Library\PackageCache\com.unity.visualscripting@1.8.0\Editor\VisualScripting.Core\Dependencies\DotNetZip\Unity.VisualScripting.IonicZip.dll
- Loaded All Assemblies, in  0.450 seconds
Refreshing native plugins compatible for Editor in 5.61 ms, found 9 plugins.
Native extension for WindowsStandalone target not found
[Package Manager] Server::EnsureServerProcessIsRunning -- launch failed, reason: Unity was launched with the -noUpm command-line argument
[Package Manager] UpmClient::Send -- Unable to send message (not connected to UPM process).
[Package Manager] Cannot connect to Unity Package Manager local server
Mono: successfully reloaded assembly
[Package Manager] Server::EnsureServerProcessIsRunning -- launch failed, reason: Unity was launched with the -noUpm command-line argument
[Package Manager] UpmClient::Send -- Unable to send message (not connected to UPM process).
[Package Manager] Cannot connect to Unity Package Manager local server
- Finished resetting the current domain, in  0.468 seconds
Domain Reload Profiling:
	ReloadAssembly (132ms)
		BeginReloadAssembly (89ms)
			ExecutionOrderSort (0ms)
			DisableScriptedObjects (3ms)
			BackupInstance (0ms)
			ReleaseScriptingObjects (0ms)
			CreateAndSetChildDomain (26ms)
		LoadAllAssembliesAndSetupDomain (317ms)
			LoadAssemblies (170ms)
			RebuildTransferFunctionScriptingTraits (0ms)
			SetupTypeCache (180ms)
				TypeCache.Initialize (172ms)
					TypeCache.ScanAssembly (168ms)
				ResolveRequiredComponents (7ms)
		FinalizeReload (0ms)
			ReleaseScriptCaches (0ms)
			RebuildScriptCaches (0ms)
			SetupLoadedEditorAssemblies (240ms)
				LogAssemblyErrors (0ms)
				InitializePlatformSupportModulesInManaged (3ms)
				SetLoadedEditorAssemblies (4ms)
				RefreshPlugins (0ms)
				BeforeProcessingInitializeOnLoad (56ms)
				ProcessInitializeOnLoadAttributes (159ms)
				ProcessInitializeOnLoadMethodAttributes (14ms)
				AfterProcessingInitializeOnLoad (4ms)
				EditorAssembliesLoaded (0ms)
			ExecutionOrderSort2 (0ms)
			AwakeInstancesAfterBackupRestoration (4ms)
Shader 'Oculus/OVRMRCameraFrameLit': fallback shader 'Alpha-Diffuse' not found
Refreshing native plugins compatible for Editor in 5.34 ms, found 9 plugins.
Preloading 2 native plugins for Editor in 0.04 ms.
Unloading 4863 Unused Serialized files (Serialized files now loaded: 0)
Unloading 52 unused Assets / (140.1 KB). Loaded Objects now: 5569.
Memory consumption went from 0.75 GB to 0.75 GB.
Total: 2.415800 ms (FindLiveObjects: 0.249100 ms CreateObjectMapping: 0.150700 ms MarkObjects: 1.882300 ms  DeleteObjects: 0.132200 ms)

Prepare: number of updated asset objects reloaded= 0
AssetImportParameters requested are different than current active one (requested -> active):
  custom:container-demuxer-ogg: 62fdf1f143b41e24485cea50d1cbac27 -> 
  custom:video-codec-MediaFoundation-h265: 746d11721c4dcdbdad8f713fa42b33f4 -> 
  custom:video-decoder-ogg-theora: a1e56fd34408186e4bbccfd4996cb3dc -> 
  custom:framework-win-MediaFoundation: 216162199b28c13a410421893ffa2e32 -> 
  custom:container-demuxer-webm: 4f35f7cbe854078d1ac9338744f61a02 -> 
  custom:container-muxer-webm: aa71ff27fc2769a1b78a27578f13a17b -> 
  custom:video-decoder-webm-vp8: 9c59270c3fd7afecdb556c50c9e8de78 -> 
  custom:AudioImporter_EditorPlatform: d09bf68614088b80899f8185d706f6e7 -> 
  custom:video-encoder-webm-vp8: eb34c28f22e8b96e1ab97ce403110664 -> 
  custom:audio-decoder-ogg-vorbis: bf7c407c2cedff20999df2af8eb42d56 -> 
  custom:audio-encoder-webm-vorbis: bf7c407c2cedff20999df2af8eb42d56 -> 
========================================================================
Received Import Request.
  Time since last request: 520.380379 seconds.
  path: Assets/Assets_Houses-1/models/Materials/house-5.mat
  artifactKey: Guid(50172fc9c6441ba44ab536254e5c27c2) Importer(815301076,1909f56bfc062723c751e8b465ee728b)
Start importing Assets/Assets_Houses-1/models/Materials/house-5.mat using Guid(50172fc9c6441ba44ab536254e5c27c2) Importer(815301076,1909f56bfc062723c751e8b465ee728b)  -> (artifact id: '5aa729dce73cf4097d6956c9420b6852') in 0.062320 seconds 
Number of updated asset objects reloaded before import = 0
Number of asset objects unloaded after import = 2
========================================================================
Received Import Request.
  Time since last request: 0.000018 seconds.
  path: Assets/Assets_Houses-1/models/Materials/house-7.mat
  artifactKey: Guid(1c44be67716ca0048b81cadfa3bc18d4) Importer(815301076,1909f56bfc062723c751e8b465ee728b)
Start importing Assets/Assets_Houses-1/models/Materials/house-7.mat using Guid(1c44be67716ca0048b81cadfa3bc18d4) Importer(815301076,1909f56bfc062723c751e8b465ee728b)  -> (artifact id: '0e85cb767e11469f4d12557182a28edd') in 0.015175 seconds 
Number of updated asset objects reloaded before import = 0
Number of asset objects unloaded after import = 2
========================================================================
Received Import Request.
  Time since last request: 0.000013 seconds.
  path: Assets/Assets_Houses-1/models/Materials/house-8.mat
  artifactKey: Guid(8ad915c2743eecf409ca0c944a80aa57) Importer(815301076,1909f56bfc062723c751e8b465ee728b)
Start importing Assets/Assets_Houses-1/models/Materials/house-8.mat using Guid(8ad915c2743eecf409ca0c944a80aa57) Importer(815301076,1909f56bfc062723c751e8b465ee728b)  -> (artifact id: '568df9a2b5ea791a043dff9be348ede1') in 0.015092 seconds 
Number of updated asset objects reloaded before import = 0
Number of asset objects unloaded after import = 2
========================================================================
Received Import Request.
  Time since last request: 27.388375 seconds.
  path: Assets/Models/Cars Damaged/Car Materials/00-AluminiumPolished.mat
  artifactKey: Guid(1bde193fbdb924948bb7bd430b00a953) Importer(815301076,1909f56bfc062723c751e8b465ee728b)
Start importing Assets/Models/Cars Damaged/Car Materials/00-AluminiumPolished.mat using Guid(1bde193fbdb924948bb7bd430b00a953) Importer(815301076,1909f56bfc062723c751e8b465ee728b)  -> (artifact id: '780763bad3472f04bb04cd25a6d1092c') in 0.018568 seconds 
Number of updated asset objects reloaded before import = 0
Number of asset objects unloaded after import = 1
========================================================================
Received Import Request.
  Time since last request: 0.000018 seconds.
  path: Assets/Models/Cars Damaged/Car Materials/00-rubber.mat
  artifactKey: Guid(096518f8930c82043b1b3c7d4d1fbb25) Importer(815301076,1909f56bfc062723c751e8b465ee728b)
Start importing Assets/Models/Cars Damaged/Car Materials/00-rubber.mat using Guid(096518f8930c82043b1b3c7d4d1fbb25) Importer(815301076,1909f56bfc062723c751e8b465ee728b)  -> (artifact id: '5ba1f8beecf909e36acf49152c96521c') in 0.012287 seconds 
Number of updated asset objects reloaded before import = 0
Number of asset objects unloaded after import = 1
========================================================================
Received Import Request.
  Time since last request: 0.000029 seconds.
  path: Assets/Models/Cars Damaged/Car Materials/06-fl_led.mat
  artifactKey: Guid(3510e37809df4fc41bef90f003443db8) Importer(815301076,1909f56bfc062723c751e8b465ee728b)
Start importing Assets/Models/Cars Damaged/Car Materials/06-fl_led.mat using Guid(3510e37809df4fc41bef90f003443db8) Importer(815301076,1909f56bfc062723c751e8b465ee728b)  -> (artifact id: 'adbd943d3bd11b14ab647da060950979') in 0.011224 seconds 
Number of updated asset objects reloaded before import = 0
Number of asset objects unloaded after import = 1
========================================================================
Received Import Request.
  Time since last request: 0.000013 seconds.
  path: Assets/Models/Cars Damaged/Car Materials/12-glass_black.mat
  artifactKey: Guid(ab04dd0f37ad19f4fb970f2c4e5e3be0) Importer(815301076,1909f56bfc062723c751e8b465ee728b)
Start importing Assets/Models/Cars Damaged/Car Materials/12-glass_black.mat using Guid(ab04dd0f37ad19f4fb970f2c4e5e3be0) Importer(815301076,1909f56bfc062723c751e8b465ee728b)  -> (artifact id: 'd9a58019ba2445c8f5a1e1853233e743') in 0.010565 seconds 
Number of updated asset objects reloaded before import = 0
Number of asset objects unloaded after import = 1
========================================================================
Received Import Request.
  Time since last request: 0.000014 seconds.
  path: Assets/Models/Cars Damaged/Car Materials/12-Shield.mat
  artifactKey: Guid(457ec0ace7715eb42b330892158ad139) Importer(815301076,1909f56bfc062723c751e8b465ee728b)
Start importing Assets/Models/Cars Damaged/Car Materials/12-Shield.mat using Guid(457ec0ace7715eb42b330892158ad139) Importer(815301076,1909f56bfc062723c751e8b465ee728b)  -> (artifact id: '693ad62d3d28ef3fff127abbe2096679') in 0.010754 seconds 
Number of updated asset objects reloaded before import = 0
Number of asset objects unloaded after import = 1
========================================================================
Received Import Request.
  Time since last request: 0.000011 seconds.
  path: Assets/Models/Cars Damaged/Car Materials/15-body.mat
  artifactKey: Guid(87ec9f37a4be5284591fc748503f977e) Importer(815301076,1909f56bfc062723c751e8b465ee728b)
Start importing Assets/Models/Cars Damaged/Car Materials/15-body.mat using Guid(87ec9f37a4be5284591fc748503f977e) Importer(815301076,1909f56bfc062723c751e8b465ee728b)  -> (artifact id: 'ea22d1c8d535489b2535346763cc61e2') in 0.013456 seconds 
Number of updated asset objects reloaded before import = 0
Number of asset objects unloaded after import = 1
========================================================================
Received Import Request.
  Time since last request: 0.000022 seconds.
  path: Assets/Models/Cars Damaged/Car Materials/15-brake.mat
  artifactKey: Guid(8a23f3dda218bf84cbc6961e7175a3da) Importer(815301076,1909f56bfc062723c751e8b465ee728b)
Start importing Assets/Models/Cars Damaged/Car Materials/15-brake.mat using Guid(8a23f3dda218bf84cbc6961e7175a3da) Importer(815301076,1909f56bfc062723c751e8b465ee728b)  -> (artifact id: '46d2dbe33e519139cf282236d9c3a290') in 0.011857 seconds 
Number of updated asset objects reloaded before import = 0
Number of asset objects unloaded after import = 1
========================================================================
Received Import Request.
  Time since last request: 0.000012 seconds.
  path: Assets/Models/Cars Damaged/Car Materials/15-mallRED.mat
  artifactKey: Guid(5d264462151a55641a7462bc9565287c) Importer(815301076,1909f56bfc062723c751e8b465ee728b)
Start importing Assets/Models/Cars Damaged/Car Materials/15-mallRED.mat using Guid(5d264462151a55641a7462bc9565287c) Importer(815301076,1909f56bfc062723c751e8b465ee728b)  -> (artifact id: 'eaa13e7baeb1970c8d362e373ee2e823') in 0.012578 seconds 
Number of updated asset objects reloaded before import = 0
Number of asset objects unloaded after import = 1
========================================================================
Received Import Request.
  Time since last request: 0.000034 seconds.
  path: Assets/Models/Cars Damaged/Car Materials/06-chrome.mat
  artifactKey: Guid(d9c385094e43ee9478bc4ba8dea3d2da) Importer(815301076,1909f56bfc062723c751e8b465ee728b)
Start importing Assets/Models/Cars Damaged/Car Materials/06-chrome.mat using Guid(d9c385094e43ee9478bc4ba8dea3d2da) Importer(815301076,1909f56bfc062723c751e8b465ee728b)  -> (artifact id: 'ab34038c44caf2b829c1ea5fed6a11c7') in 0.012253 seconds 
Number of updated asset objects reloaded before import = 0
Number of asset objects unloaded after import = 1
========================================================================
Received Import Request.
  Time since last request: 0.000015 seconds.
  path: Assets/Models/Cars Damaged/Car Materials/06-inside.mat
  artifactKey: Guid(030ff6f9c81a5e1478e46692ae9ff69f) Importer(815301076,1909f56bfc062723c751e8b465ee728b)
Start importing Assets/Models/Cars Damaged/Car Materials/06-inside.mat using Guid(030ff6f9c81a5e1478e46692ae9ff69f) Importer(815301076,1909f56bfc062723c751e8b465ee728b)  -> (artifact id: '77e9a5eac85b17009b97a17ec779e7e8') in 0.011593 seconds 
Number of updated asset objects reloaded before import = 0
Number of asset objects unloaded after import = 1
========================================================================
Received Import Request.
  Time since last request: 0.000022 seconds.
  path: Assets/Models/Cars Damaged/Car Materials/12-Inside.mat
  artifactKey: Guid(916c21730c75b704aaed5e2d9675e84a) Importer(815301076,1909f56bfc062723c751e8b465ee728b)
Start importing Assets/Models/Cars Damaged/Car Materials/12-Inside.mat using Guid(916c21730c75b704aaed5e2d9675e84a) Importer(815301076,1909f56bfc062723c751e8b465ee728b)  -> (artifact id: 'e6d8f3ecf7ced95b996cf4e9bc31d1bd') in 0.012183 seconds 
Number of updated asset objects reloaded before import = 0
Number of asset objects unloaded after import = 1
========================================================================
Received Import Request.
  Time since last request: 0.000017 seconds.
  path: Assets/Models/Cars Damaged/Car Materials/00-dark_plastic.mat
  artifactKey: Guid(ec81ef6e0de36ad48824c848e1430a49) Importer(815301076,1909f56bfc062723c751e8b465ee728b)
Start importing Assets/Models/Cars Damaged/Car Materials/00-dark_plastic.mat using Guid(ec81ef6e0de36ad48824c848e1430a49) Importer(815301076,1909f56bfc062723c751e8b465ee728b)  -> (artifact id: '4992950d1c9d5de725463eac97abe826') in 0.010171 seconds 
Number of updated asset objects reloaded before import = 0
Number of asset objects unloaded after import = 1
========================================================================
Received Import Request.
  Time since last request: 0.000013 seconds.
  path: Assets/Models/Cars Damaged/Car Materials/15-fl_led.mat
  artifactKey: Guid(05305d0fbc0ff254c8f1cd199b27fbe6) Importer(815301076,1909f56bfc062723c751e8b465ee728b)
Start importing Assets/Models/Cars Damaged/Car Materials/15-fl_led.mat using Guid(05305d0fbc0ff254c8f1cd199b27fbe6) Importer(815301076,1909f56bfc062723c751e8b465ee728b)  -> (artifact id: '8911932c56e570719d2ed06dac4a8dae') in 0.012618 seconds 
Number of updated asset objects reloaded before import = 0
Number of asset objects unloaded after import = 1
========================================================================
Received Import Request.
  Time since last request: 0.000014 seconds.
  path: Assets/Models/Cars Damaged/Car Materials/p12-Inside.mat
  artifactKey: Guid(def33830538fb374191be3b463be1441) Importer(815301076,1909f56bfc062723c751e8b465ee728b)
Start importing Assets/Models/Cars Damaged/Car Materials/p12-Inside.mat using Guid(def33830538fb374191be3b463be1441) Importer(815301076,1909f56bfc062723c751e8b465ee728b)  -> (artifact id: 'fb49d02fefe1eee72ffbc033d8e2a277') in 0.012977 seconds 
Number of updated asset objects reloaded before import = 0
Number of asset objects unloaded after import = 1
========================================================================
Received Import Request.
  Time since last request: 0.000017 seconds.
  path: Assets/Models/Cars Damaged/Car Materials/06-Mirror.mat
  artifactKey: Guid(f5b17a49a48fb7b4b89fcecc3509e4b6) Importer(815301076,1909f56bfc062723c751e8b465ee728b)
Start importing Assets/Models/Cars Damaged/Car Materials/06-Mirror.mat using Guid(f5b17a49a48fb7b4b89fcecc3509e4b6) Importer(815301076,1909f56bfc062723c751e8b465ee728b)  -> (artifact id: '75869d2bd3997384557903fca1b2720f') in 0.012577 seconds 
Number of updated asset objects reloaded before import = 0
Number of asset objects unloaded after import = 1
========================================================================
Received Import Request.
  Time since last request: 0.000017 seconds.
  path: Assets/Models/Cars Damaged/Car Materials/15-fl_blue_led.mat
  artifactKey: Guid(2df18584bff7a064a8429afc61734c45) Importer(815301076,1909f56bfc062723c751e8b465ee728b)
Start importing Assets/Models/Cars Damaged/Car Materials/15-fl_blue_led.mat using Guid(2df18584bff7a064a8429afc61734c45) Importer(815301076,1909f56bfc062723c751e8b465ee728b)  -> (artifact id: '53698aa051d535b69edeb7aa5369e9a5') in 0.011870 seconds 
Number of updated asset objects reloaded before import = 0
Number of asset objects unloaded after import = 1
========================================================================
Received Import Request.
  Time since last request: 0.000016 seconds.
  path: Assets/Models/Cars Damaged/Car Materials/15-fl_mirror.mat
  artifactKey: Guid(dc80e5789f7eb1e49be04ec717db16b9) Importer(815301076,1909f56bfc062723c751e8b465ee728b)
Start importing Assets/Models/Cars Damaged/Car Materials/15-fl_mirror.mat using Guid(dc80e5789f7eb1e49be04ec717db16b9) Importer(815301076,1909f56bfc062723c751e8b465ee728b)  -> (artifact id: '4214fba6a58b071adced6932e551e984') in 0.011355 seconds 
Number of updated asset objects reloaded before import = 0
Number of asset objects unloaded after import = 1
========================================================================
Received Import Request.
  Time since last request: 0.000018 seconds.
  path: Assets/Models/Cars Damaged/Car Materials/06-bl_glass.mat
  artifactKey: Guid(eb24449b212254a4095cb48b876ed625) Importer(815301076,1909f56bfc062723c751e8b465ee728b)
Start importing Assets/Models/Cars Damaged/Car Materials/06-bl_glass.mat using Guid(eb24449b212254a4095cb48b876ed625) Importer(815301076,1909f56bfc062723c751e8b465ee728b)  -> (artifact id: '83f0fdfa6536969f418b1bd41ad89312') in 0.013224 seconds 
Number of updated asset objects reloaded before import = 0
Number of asset objects unloaded after import = 1
========================================================================
Received Import Request.
  Time since last request: 0.000012 seconds.
  path: Assets/Models/Cars Damaged/Car Materials/06-black.mat
  artifactKey: Guid(53dd0afd1e4634b43829ddbe5e88646d) Importer(815301076,1909f56bfc062723c751e8b465ee728b)
Start importing Assets/Models/Cars Damaged/Car Materials/06-black.mat using Guid(53dd0afd1e4634b43829ddbe5e88646d) Importer(815301076,1909f56bfc062723c751e8b465ee728b)  -> (artifact id: '26e9d382ddbff58e1d1c6987175233a1') in 0.011794 seconds 
Number of updated asset objects reloaded before import = 0
Number of asset objects unloaded after import = 1
========================================================================
Received Import Request.
  Time since last request: 0.000022 seconds.
  path: Assets/Models/Cars Damaged/Car Materials/00-Brake_tarcza.mat
  artifactKey: Guid(7fe4d246cf9740d4eaa8e470bdd97aa2) Importer(815301076,1909f56bfc062723c751e8b465ee728b)
Start importing Assets/Models/Cars Damaged/Car Materials/00-Brake_tarcza.mat using Guid(7fe4d246cf9740d4eaa8e470bdd97aa2) Importer(815301076,1909f56bfc062723c751e8b465ee728b)  -> (artifact id: '359f739fd9e2efcaab688bb03ae77fd2') in 0.011900 seconds 
Number of updated asset objects reloaded before import = 0
Number of asset objects unloaded after import = 1
========================================================================
Received Import Request.
  Time since last request: 0.000017 seconds.
  path: Assets/Models/Cars Damaged/Car Materials/00-shield_white.mat
  artifactKey: Guid(cac0137092e3b4e47843e21e975b069a) Importer(815301076,1909f56bfc062723c751e8b465ee728b)
Start importing Assets/Models/Cars Damaged/Car Materials/00-shield_white.mat using Guid(cac0137092e3b4e47843e21e975b069a) Importer(815301076,1909f56bfc062723c751e8b465ee728b)  -> (artifact id: '87c70734a73cc74b89c7e9c4a031a2bd') in 0.010691 seconds 
Number of updated asset objects reloaded before import = 0
Number of asset objects unloaded after import = 1
========================================================================
Received Import Request.
  Time since last request: 0.000029 seconds.
  path: Assets/Models/Cars Damaged/Car Materials/p12-mirror.mat
  artifactKey: Guid(a4b32369b2e125a4d9f41c224d97138e) Importer(815301076,1909f56bfc062723c751e8b465ee728b)
Start importing Assets/Models/Cars Damaged/Car Materials/p12-mirror.mat using Guid(a4b32369b2e125a4d9f41c224d97138e) Importer(815301076,1909f56bfc062723c751e8b465ee728b)  -> (artifact id: '72cf74fe6843d09de615a332de2f96c1') in 0.011087 seconds 
Number of updated asset objects reloaded before import = 0
Number of asset objects unloaded after import = 1
========================================================================
Received Import Request.
  Time since last request: 0.000015 seconds.
  path: Assets/Models/Cars Damaged/Car Materials/12-BL_redtexture.mat
  artifactKey: Guid(65a62f48c942e2541af26edf430d5d7b) Importer(815301076,1909f56bfc062723c751e8b465ee728b)
Start importing Assets/Models/Cars Damaged/Car Materials/12-BL_redtexture.mat using Guid(65a62f48c942e2541af26edf430d5d7b) Importer(815301076,1909f56bfc062723c751e8b465ee728b)  -> (artifact id: 'c08972267db375ee1adaa36ff0984d4c') in 0.011631 seconds 
Number of updated asset objects reloaded before import = 0
Number of asset objects unloaded after import = 1
========================================================================
Received Import Request.
  Time since last request: 0.000019 seconds.
  path: Assets/Models/Cars Damaged/Car Materials/06-tire_side.mat
  artifactKey: Guid(c40752be589925e47b7a004d0b9a94a5) Importer(815301076,1909f56bfc062723c751e8b465ee728b)
Start importing Assets/Models/Cars Damaged/Car Materials/06-tire_side.mat using Guid(c40752be589925e47b7a004d0b9a94a5) Importer(815301076,1909f56bfc062723c751e8b465ee728b)  -> (artifact id: 'de4eae2284912c64bb0697015627937b') in 0.013717 seconds 
Number of updated asset objects reloaded before import = 0
Number of asset objects unloaded after import = 1
========================================================================
Received Import Request.
  Time since last request: 0.000017 seconds.
  path: Assets/Models/Cars Damaged/Car Materials/12-plate.mat
  artifactKey: Guid(eaa8f5e460278414a997d8a2a7870a57) Importer(815301076,1909f56bfc062723c751e8b465ee728b)
Start importing Assets/Models/Cars Damaged/Car Materials/12-plate.mat using Guid(eaa8f5e460278414a997d8a2a7870a57) Importer(815301076,1909f56bfc062723c751e8b465ee728b)  -> (artifact id: 'c8d5d925f1aca713a6cd6308cbb4afc7') in 0.012946 seconds 
Number of updated asset objects reloaded before import = 0
Number of asset objects unloaded after import = 1
========================================================================
Received Import Request.
  Time since last request: 0.000015 seconds.
  path: Assets/Models/Cars Damaged/Car Materials/06-body.mat
  artifactKey: Guid(98958cccf415a8b4d9588029adcd5fb9) Importer(815301076,1909f56bfc062723c751e8b465ee728b)
Start importing Assets/Models/Cars Damaged/Car Materials/06-body.mat using Guid(98958cccf415a8b4d9588029adcd5fb9) Importer(815301076,1909f56bfc062723c751e8b465ee728b)  -> (artifact id: '4bdb9e30bef5559c6d809d74e4362881') in 0.013017 seconds 
Number of updated asset objects reloaded before import = 0
Number of asset objects unloaded after import = 1
========================================================================
Received Import Request.
  Time since last request: 0.000034 seconds.
  path: Assets/Models/Cars Damaged/Car Materials/p12-body_Scratch.mat
  artifactKey: Guid(c02072bf2f9956f4ab85aa3552f79b8d) Importer(815301076,1909f56bfc062723c751e8b465ee728b)
Start importing Assets/Models/Cars Damaged/Car Materials/p12-body_Scratch.mat using Guid(c02072bf2f9956f4ab85aa3552f79b8d) Importer(815301076,1909f56bfc062723c751e8b465ee728b)  -> (artifact id: '2d4b8a33869deab213751ac0c57fb46f') in 0.011032 seconds 
Number of updated asset objects reloaded before import = 0
Number of asset objects unloaded after import = 1
========================================================================
Received Import Request.
  Time since last request: 0.000022 seconds.
  path: Assets/Models/Cars Damaged/Car Materials/00-Engine_alternator_copper.mat
  artifactKey: Guid(2b4e5135ab2ecfa40993c9135e4e317e) Importer(815301076,1909f56bfc062723c751e8b465ee728b)
Start importing Assets/Models/Cars Damaged/Car Materials/00-Engine_alternator_copper.mat using Guid(2b4e5135ab2ecfa40993c9135e4e317e) Importer(815301076,1909f56bfc062723c751e8b465ee728b)  -> (artifact id: 'abbf45a61f5ca776f0c7e517b5045384') in 0.013506 seconds 
Number of updated asset objects reloaded before import = 0
Number of asset objects unloaded after import = 1
========================================================================
Received Import Request.
  Time since last request: 0.000019 seconds.
  path: Assets/Models/Cars Damaged/Car Materials/12-brake.mat
  artifactKey: Guid(53c8987dc0156d641a817ef6de9b0b3e) Importer(815301076,1909f56bfc062723c751e8b465ee728b)
Start importing Assets/Models/Cars Damaged/Car Materials/12-brake.mat using Guid(53c8987dc0156d641a817ef6de9b0b3e) Importer(815301076,1909f56bfc062723c751e8b465ee728b)  -> (artifact id: '997af3b81bfb1b4af52e91cdd8c6f830') in 0.012932 seconds 
Number of updated asset objects reloaded before import = 0
Number of asset objects unloaded after import = 1
========================================================================
Received Import Request.
  Time since last request: 0.000018 seconds.
  path: Assets/Models/Cars Damaged/Car Materials/p12-chrome.mat
  artifactKey: Guid(8c8f9a647075ff445ae790875dbc69ef) Importer(815301076,1909f56bfc062723c751e8b465ee728b)
Start importing Assets/Models/Cars Damaged/Car Materials/p12-chrome.mat using Guid(8c8f9a647075ff445ae790875dbc69ef) Importer(815301076,1909f56bfc062723c751e8b465ee728b)  -> (artifact id: '81fc07d6981a5aa7546c71722f50ba48') in 0.012475 seconds 
Number of updated asset objects reloaded before import = 0
Number of asset objects unloaded after import = 1
========================================================================
Received Import Request.
  Time since last request: 0.000023 seconds.
  path: Assets/Models/Cars Damaged/Car Materials/00-OilBowl.mat
  artifactKey: Guid(d4c89e68a0d2a6348a3bffd737628849) Importer(815301076,1909f56bfc062723c751e8b465ee728b)
Start importing Assets/Models/Cars Damaged/Car Materials/00-OilBowl.mat using Guid(d4c89e68a0d2a6348a3bffd737628849) Importer(815301076,1909f56bfc062723c751e8b465ee728b)  -> (artifact id: '07f3f2af4888df0d4a61f51255d19312') in 0.013551 seconds 
Number of updated asset objects reloaded before import = 0
Number of asset objects unloaded after import = 1
========================================================================
Received Import Request.
  Time since last request: 0.000017 seconds.
  path: Assets/Models/Cars Damaged/Car Materials/00-brakes-plate.mat
  artifactKey: Guid(ffc7eb7b4774cda409398518bb8801d3) Importer(815301076,1909f56bfc062723c751e8b465ee728b)
Start importing Assets/Models/Cars Damaged/Car Materials/00-brakes-plate.mat using Guid(ffc7eb7b4774cda409398518bb8801d3) Importer(815301076,1909f56bfc062723c751e8b465ee728b)  -> (artifact id: '984938e102163b99723c64bd7a6fe728') in 0.011682 seconds 
Number of updated asset objects reloaded before import = 0
Number of asset objects unloaded after import = 1
========================================================================
Received Import Request.
  Time since last request: 0.000016 seconds.
  path: Assets/Models/Cars Damaged/Car Materials/06-fl_mirror.mat
  artifactKey: Guid(b9f68760a8527a44095d8231bf358914) Importer(815301076,1909f56bfc062723c751e8b465ee728b)
Start importing Assets/Models/Cars Damaged/Car Materials/06-fl_mirror.mat using Guid(b9f68760a8527a44095d8231bf358914) Importer(815301076,1909f56bfc062723c751e8b465ee728b)  -> (artifact id: '80114fe7b2d6de520c3777a9b6ed789d') in 0.014621 seconds 
Number of updated asset objects reloaded before import = 0
Number of asset objects unloaded after import = 1
========================================================================
Received Import Request.
  Time since last request: 0.000014 seconds.
  path: Assets/Models/Cars Damaged/Car Materials/06-bl_led_orange.mat
  artifactKey: Guid(c7fd4a08b90c9bd46872c0d6c14a5a81) Importer(815301076,1909f56bfc062723c751e8b465ee728b)
Start importing Assets/Models/Cars Damaged/Car Materials/06-bl_led_orange.mat using Guid(c7fd4a08b90c9bd46872c0d6c14a5a81) Importer(815301076,1909f56bfc062723c751e8b465ee728b)  -> (artifact id: '6d64316c998bf9f158d7c45daa787c81') in 0.013029 seconds 
Number of updated asset objects reloaded before import = 0
Number of asset objects unloaded after import = 1
========================================================================
Received Import Request.
  Time since last request: 0.000022 seconds.
  path: Assets/Models/Cars Damaged/Car Materials/06-dash_uv.mat
  artifactKey: Guid(0b4f1b01196ffbf43ac5ca5224268d4b) Importer(815301076,1909f56bfc062723c751e8b465ee728b)
Start importing Assets/Models/Cars Damaged/Car Materials/06-dash_uv.mat using Guid(0b4f1b01196ffbf43ac5ca5224268d4b) Importer(815301076,1909f56bfc062723c751e8b465ee728b)  -> (artifact id: 'ad753dd117e3f2e27920a53739f8d773') in 0.013653 seconds 
Number of updated asset objects reloaded before import = 0
Number of asset objects unloaded after import = 1
========================================================================
Received Import Request.
  Time since last request: 0.000029 seconds.
  path: Assets/Models/Cars Damaged/Car Materials/p06_Mirror.mat
  artifactKey: Guid(4e1267cdc04ffac4da874fe1e6bc5043) Importer(815301076,1909f56bfc062723c751e8b465ee728b)
Start importing Assets/Models/Cars Damaged/Car Materials/p06_Mirror.mat using Guid(4e1267cdc04ffac4da874fe1e6bc5043) Importer(815301076,1909f56bfc062723c751e8b465ee728b)  -> (artifact id: '1b29e64bfe1e727e63f6993d01506499') in 0.010551 seconds 
Number of updated asset objects reloaded before import = 0
Number of asset objects unloaded after import = 1
========================================================================
Received Import Request.
  Time since last request: 0.000016 seconds.
  path: Assets/Models/Cars Damaged/Car Materials/12-BL_mirror.mat
  artifactKey: Guid(8b16ab09e6c898040ac951c2a5d3acbc) Importer(815301076,1909f56bfc062723c751e8b465ee728b)
Start importing Assets/Models/Cars Damaged/Car Materials/12-BL_mirror.mat using Guid(8b16ab09e6c898040ac951c2a5d3acbc) Importer(815301076,1909f56bfc062723c751e8b465ee728b)  -> (artifact id: '7678f621066e53edffa575983caee52e') in 0.012172 seconds 
Number of updated asset objects reloaded before import = 0
Number of asset objects unloaded after import = 1
========================================================================
Received Import Request.
  Time since last request: 0.000015 seconds.
  path: Assets/Models/Cars Damaged/Car Materials/p12-brake.mat
  artifactKey: Guid(995a22440f2f9d74eae4750c44c82eef) Importer(815301076,1909f56bfc062723c751e8b465ee728b)
Start importing Assets/Models/Cars Damaged/Car Materials/p12-brake.mat using Guid(995a22440f2f9d74eae4750c44c82eef) Importer(815301076,1909f56bfc062723c751e8b465ee728b)  -> (artifact id: 'e327828dac8cafe416eeec0ee7ed30f5') in 0.013557 seconds 
Number of updated asset objects reloaded before import = 0
Number of asset objects unloaded after import = 1
========================================================================
Received Import Request.
  Time since last request: 0.000025 seconds.
  path: Assets/Models/Cars Damaged/Car Materials/12-glass.mat
  artifactKey: Guid(54ce64ab6f747e34b8c08c82bec95eb3) Importer(815301076,1909f56bfc062723c751e8b465ee728b)
Start importing Assets/Models/Cars Damaged/Car Materials/12-glass.mat using Guid(54ce64ab6f747e34b8c08c82bec95eb3) Importer(815301076,1909f56bfc062723c751e8b465ee728b)  -> (artifact id: '1bd1798c61125a75a7bf894101e952d4') in 0.012671 seconds 
Number of updated asset objects reloaded before import = 0
Number of asset objects unloaded after import = 1
========================================================================
Received Import Request.
  Time since last request: 0.000016 seconds.
  path: Assets/Models/Cars Damaged/Car Materials/00-wire_black.mat
  artifactKey: Guid(37e8d936bb28c0f469022389bab37eef) Importer(815301076,1909f56bfc062723c751e8b465ee728b)
Start importing Assets/Models/Cars Damaged/Car Materials/00-wire_black.mat using Guid(37e8d936bb28c0f469022389bab37eef) Importer(815301076,1909f56bfc062723c751e8b465ee728b)  -> (artifact id: 'd54296b864463af3361ee6b38f8622e4') in 0.011247 seconds 
Number of updated asset objects reloaded before import = 0
Number of asset objects unloaded after import = 1
========================================================================
Received Import Request.
  Time since last request: 0.000013 seconds.
  path: Assets/Models/Cars Damaged/Car Materials/00-Chrome.mat
  artifactKey: Guid(904b42dd0ba9f574c82dcebe36454b86) Importer(815301076,1909f56bfc062723c751e8b465ee728b)
Start importing Assets/Models/Cars Damaged/Car Materials/00-Chrome.mat using Guid(904b42dd0ba9f574c82dcebe36454b86) Importer(815301076,1909f56bfc062723c751e8b465ee728b)  -> (artifact id: '8f87f9849094cfc56f27c97cabd4428f') in 0.011279 seconds 
Number of updated asset objects reloaded before import = 0
Number of asset objects unloaded after import = 1
========================================================================
Received Import Request.
  Time since last request: 0.000016 seconds.
  path: Assets/Models/Cars Damaged/Car Materials/06-black1.mat
  artifactKey: Guid(837a188a85766664891d285e73bc4af8) Importer(815301076,1909f56bfc062723c751e8b465ee728b)
Start importing Assets/Models/Cars Damaged/Car Materials/06-black1.mat using Guid(837a188a85766664891d285e73bc4af8) Importer(815301076,1909f56bfc062723c751e8b465ee728b)  -> (artifact id: '0c6e11758fc68a08dfe4aa443eeabe63') in 0.011982 seconds 
Number of updated asset objects reloaded before import = 0
Number of asset objects unloaded after import = 1
========================================================================
Received Import Request.
  Time since last request: 0.000032 seconds.
  path: Assets/Models/Cars Damaged/Car Materials/01-Fl_led.mat
  artifactKey: Guid(7eae9cc5fdf09394aa92e635b2fd1d70) Importer(815301076,1909f56bfc062723c751e8b465ee728b)
Start importing Assets/Models/Cars Damaged/Car Materials/01-Fl_led.mat using Guid(7eae9cc5fdf09394aa92e635b2fd1d70) Importer(815301076,1909f56bfc062723c751e8b465ee728b)  -> (artifact id: '5d85954a2d61e0ca661c3c49c311aa09') in 0.011869 seconds 
Number of updated asset objects reloaded before import = 0
Number of asset objects unloaded after import = 1
========================================================================
Received Import Request.
  Time since last request: 0.000017 seconds.
  path: Assets/Models/Cars Damaged/Car Materials/15-bl_glass.mat
  artifactKey: Guid(5a5366fdb6881064fb0310dee7faf253) Importer(815301076,1909f56bfc062723c751e8b465ee728b)
Start importing Assets/Models/Cars Damaged/Car Materials/15-bl_glass.mat using Guid(5a5366fdb6881064fb0310dee7faf253) Importer(815301076,1909f56bfc062723c751e8b465ee728b)  -> (artifact id: 'cc4cfd083ff1285fd462bef5ad2af79a') in 0.011066 seconds 
Number of updated asset objects reloaded before import = 0
Number of asset objects unloaded after import = 1
========================================================================
Received Import Request.
  Time since last request: 0.000017 seconds.
  path: Assets/Models/Cars Damaged/Car Materials/00-Brake_zacisk.mat
  artifactKey: Guid(06f672ee9dc147946b0e4d1c61349ef7) Importer(815301076,1909f56bfc062723c751e8b465ee728b)
Start importing Assets/Models/Cars Damaged/Car Materials/00-Brake_zacisk.mat using Guid(06f672ee9dc147946b0e4d1c61349ef7) Importer(815301076,1909f56bfc062723c751e8b465ee728b)  -> (artifact id: '6cd35b7b443e146af63b0091ca04e906') in 0.010787 seconds 
Number of updated asset objects reloaded before import = 0
Number of asset objects unloaded after import = 1
========================================================================
Received Import Request.
  Time since last request: 0.000014 seconds.
  path: Assets/Models/Cars Damaged/Car Materials/06-side_orange.mat
  artifactKey: Guid(1a03f6dd28732744fa127a87f5a311ec) Importer(815301076,1909f56bfc062723c751e8b465ee728b)
Start importing Assets/Models/Cars Damaged/Car Materials/06-side_orange.mat using Guid(1a03f6dd28732744fa127a87f5a311ec) Importer(815301076,1909f56bfc062723c751e8b465ee728b)  -> (artifact id: 'b9735841be19847da6bee20aa2f77b5f') in 0.012386 seconds 
Number of updated asset objects reloaded before import = 0
Number of asset objects unloaded after import = 1
========================================================================
Received Import Request.
  Time since last request: 0.000014 seconds.
  path: Assets/Models/Cars Damaged/Car Materials/15-tire_side.mat
  artifactKey: Guid(d8f48969d63951846925fb463c08dc9f) Importer(815301076,1909f56bfc062723c751e8b465ee728b)
Start importing Assets/Models/Cars Damaged/Car Materials/15-tire_side.mat using Guid(d8f48969d63951846925fb463c08dc9f) Importer(815301076,1909f56bfc062723c751e8b465ee728b)  -> (artifact id: '9148b8527faf95fb10d824c6208a859a') in 0.011654 seconds 
Number of updated asset objects reloaded before import = 0
Number of asset objects unloaded after import = 1
========================================================================
Received Import Request.
  Time since last request: 0.000016 seconds.
  path: Assets/Models/Cars Damaged/Car Materials/06-tire.mat
  artifactKey: Guid(f5c5b41e4e05a3243ab08a6db841c0c1) Importer(815301076,1909f56bfc062723c751e8b465ee728b)
Start importing Assets/Models/Cars Damaged/Car Materials/06-tire.mat using Guid(f5c5b41e4e05a3243ab08a6db841c0c1) Importer(815301076,1909f56bfc062723c751e8b465ee728b)  -> (artifact id: '632b5fa8a0fcd5993f4be07714acaa81') in 0.012129 seconds 
Number of updated asset objects reloaded before import = 0
Number of asset objects unloaded after import = 1
========================================================================
Received Import Request.
  Time since last request: 0.000015 seconds.
  path: Assets/Models/Cars Damaged/Car Materials/p12-mirror_line.mat
  artifactKey: Guid(74765b599f971f5478296879f6fee0b4) Importer(815301076,1909f56bfc062723c751e8b465ee728b)
Start importing Assets/Models/Cars Damaged/Car Materials/p12-mirror_line.mat using Guid(74765b599f971f5478296879f6fee0b4) Importer(815301076,1909f56bfc062723c751e8b465ee728b)  -> (artifact id: '0480ab4c5311488ffb9832b4b6b04022') in 0.010581 seconds 
Number of updated asset objects reloaded before import = 0
Number of asset objects unloaded after import = 1
========================================================================
Received Import Request.
  Time since last request: 0.000023 seconds.
  path: Assets/Models/Cars Damaged/Car Materials/06-bl_mask.mat
  artifactKey: Guid(aa3fd8f99ff160540950a5f657010191) Importer(815301076,1909f56bfc062723c751e8b465ee728b)
Start importing Assets/Models/Cars Damaged/Car Materials/06-bl_mask.mat using Guid(aa3fd8f99ff160540950a5f657010191) Importer(815301076,1909f56bfc062723c751e8b465ee728b)  -> (artifact id: 'b6c3df0e54a5dd8b6438af262c5b2f5e') in 0.011697 seconds 
Number of updated asset objects reloaded before import = 0
Number of asset objects unloaded after import = 1
========================================================================
Received Import Request.
  Time since last request: 0.000016 seconds.
  path: Assets/Models/Cars Damaged/Car Materials/p12-black.mat
  artifactKey: Guid(a60e975cc837511478bcea4c307be6b0) Importer(815301076,1909f56bfc062723c751e8b465ee728b)
Start importing Assets/Models/Cars Damaged/Car Materials/p12-black.mat using Guid(a60e975cc837511478bcea4c307be6b0) Importer(815301076,1909f56bfc062723c751e8b465ee728b)  -> (artifact id: '4fec2a4704a482ce18e72c2bbf6f062e') in 0.012212 seconds 
Number of updated asset objects reloaded before import = 0
Number of asset objects unloaded after import = 1
========================================================================
Received Import Request.
  Time since last request: 0.000020 seconds.
  path: Assets/Models/Cars Damaged/Car Materials/00-velve_cover.mat
  artifactKey: Guid(24cc07c33106d16468de30c62c009083) Importer(815301076,1909f56bfc062723c751e8b465ee728b)
Start importing Assets/Models/Cars Damaged/Car Materials/00-velve_cover.mat using Guid(24cc07c33106d16468de30c62c009083) Importer(815301076,1909f56bfc062723c751e8b465ee728b)  -> (artifact id: '6dd3ebca21fc02c12aeaa3457acbe61a') in 0.012467 seconds 
Number of updated asset objects reloaded before import = 0
Number of asset objects unloaded after import = 1
========================================================================
Received Import Request.
  Time since last request: 0.000016 seconds.
  path: Assets/Models/Cars Damaged/Car Materials/p12-brake_red.mat
  artifactKey: Guid(48b8512ca1ba6fd4e8a8ed0f7bc60f00) Importer(815301076,1909f56bfc062723c751e8b465ee728b)
Start importing Assets/Models/Cars Damaged/Car Materials/p12-brake_red.mat using Guid(48b8512ca1ba6fd4e8a8ed0f7bc60f00) Importer(815301076,1909f56bfc062723c751e8b465ee728b)  -> (artifact id: '37dd4f1592ed68829b6acc1e531bc84a') in 0.011733 seconds 
Number of updated asset objects reloaded before import = 0
Number of asset objects unloaded after import = 1
========================================================================
Received Import Request.
  Time since last request: 0.000019 seconds.
  path: Assets/Models/Cars Damaged/Car Materials/12-BL_red_led.mat
  artifactKey: Guid(b0000a2cfabbdda48815f8d5e42d9ca6) Importer(815301076,1909f56bfc062723c751e8b465ee728b)
Start importing Assets/Models/Cars Damaged/Car Materials/12-BL_red_led.mat using Guid(b0000a2cfabbdda48815f8d5e42d9ca6) Importer(815301076,1909f56bfc062723c751e8b465ee728b)  -> (artifact id: '81e36c9ad5a87cc1a03ba843fa095b9c') in 0.012102 seconds 
Number of updated asset objects reloaded before import = 0
Number of asset objects unloaded after import = 1
========================================================================
Received Import Request.
  Time since last request: 0.000013 seconds.
  path: Assets/Models/Cars Damaged/Car Materials/00-wire_blue.mat
  artifactKey: Guid(97858d5f073a33f489fbe8276b198813) Importer(815301076,1909f56bfc062723c751e8b465ee728b)
Start importing Assets/Models/Cars Damaged/Car Materials/00-wire_blue.mat using Guid(97858d5f073a33f489fbe8276b198813) Importer(815301076,1909f56bfc062723c751e8b465ee728b)  -> (artifact id: '75706449da49970c63310f4d6ab85a02') in 0.011936 seconds 
Number of updated asset objects reloaded before import = 0
Number of asset objects unloaded after import = 1
========================================================================
Received Import Request.
  Time since last request: 0.000014 seconds.
  path: Assets/Models/Cars Damaged/Car Materials/12-fl_inside.mat
  artifactKey: Guid(a907333ef46ccc943a8361278bf35c25) Importer(815301076,1909f56bfc062723c751e8b465ee728b)
Start importing Assets/Models/Cars Damaged/Car Materials/12-fl_inside.mat using Guid(a907333ef46ccc943a8361278bf35c25) Importer(815301076,1909f56bfc062723c751e8b465ee728b)  -> (artifact id: '218669003fa5b662cfe0751d7a1659b7') in 0.012663 seconds 
Number of updated asset objects reloaded before import = 0
Number of asset objects unloaded after import = 1
========================================================================
Received Import Request.
  Time since last request: 0.000013 seconds.
  path: Assets/Models/Cars Damaged/Car Materials/12-Black.mat
  artifactKey: Guid(9530deef409af23498865b11583f53ec) Importer(815301076,1909f56bfc062723c751e8b465ee728b)
Start importing Assets/Models/Cars Damaged/Car Materials/12-Black.mat using Guid(9530deef409af23498865b11583f53ec) Importer(815301076,1909f56bfc062723c751e8b465ee728b)  -> (artifact id: '4d05a3bff496707d078de8e8f9d36074') in 0.011691 seconds 
Number of updated asset objects reloaded before import = 0
Number of asset objects unloaded after import = 1
========================================================================
Received Import Request.
  Time since last request: 0.000020 seconds.
  path: Assets/Models/Cars Damaged/Car Materials/12-tire_side.mat
  artifactKey: Guid(76fca376a54fe3a4faf7b74ddd741e36) Importer(815301076,1909f56bfc062723c751e8b465ee728b)
Start importing Assets/Models/Cars Damaged/Car Materials/12-tire_side.mat using Guid(76fca376a54fe3a4faf7b74ddd741e36) Importer(815301076,1909f56bfc062723c751e8b465ee728b)  -> (artifact id: 'dcd03c476419534868011a2f80057acb') in 0.011079 seconds 
Number of updated asset objects reloaded before import = 0
Number of asset objects unloaded after import = 1
========================================================================
Received Import Request.
  Time since last request: 0.000020 seconds.
  path: Assets/Models/Cars Damaged/Car Materials/06-glass_broke.mat
  artifactKey: Guid(926680b255efe24489fe32e50c80930c) Importer(815301076,1909f56bfc062723c751e8b465ee728b)
Start importing Assets/Models/Cars Damaged/Car Materials/06-glass_broke.mat using Guid(926680b255efe24489fe32e50c80930c) Importer(815301076,1909f56bfc062723c751e8b465ee728b)  -> (artifact id: '566575eb5f68a5ba64932a502d8a7a4c') in 0.011334 seconds 
Number of updated asset objects reloaded before import = 0
Number of asset objects unloaded after import = 1
========================================================================
Received Import Request.
  Time since last request: 0.000026 seconds.
  path: Assets/Models/Cars Damaged/Car Materials/15-bl_led_orange.mat
  artifactKey: Guid(cbae8833ac8ead14ab73dc09b96c0df0) Importer(815301076,1909f56bfc062723c751e8b465ee728b)
Start importing Assets/Models/Cars Damaged/Car Materials/15-bl_led_orange.mat using Guid(cbae8833ac8ead14ab73dc09b96c0df0) Importer(815301076,1909f56bfc062723c751e8b465ee728b)  -> (artifact id: '37eddcf156d86d0ed1bcef514f883ae7') in 0.011966 seconds 
Number of updated asset objects reloaded before import = 0
Number of asset objects unloaded after import = 1
========================================================================
Received Import Request.
  Time since last request: 0.000026 seconds.
  path: Assets/Models/Cars Damaged/Car Materials/06-bl_mirror_orange.mat
  artifactKey: Guid(e3b01eea276e4c94a884cdabca26ec21) Importer(815301076,1909f56bfc062723c751e8b465ee728b)
Start importing Assets/Models/Cars Damaged/Car Materials/06-bl_mirror_orange.mat using Guid(e3b01eea276e4c94a884cdabca26ec21) Importer(815301076,1909f56bfc062723c751e8b465ee728b)  -> (artifact id: '8de464d8fb0d55bb54e96961ce97d63d') in 0.011861 seconds 
Number of updated asset objects reloaded before import = 0
Number of asset objects unloaded after import = 1
========================================================================
Received Import Request.
  Time since last request: 0.000016 seconds.
  path: Assets/Models/Cars Damaged/Car Materials/p12-fl_led.mat
  artifactKey: Guid(7d8c6be5b645a5a47b280f721150babe) Importer(815301076,1909f56bfc062723c751e8b465ee728b)
Start importing Assets/Models/Cars Damaged/Car Materials/p12-fl_led.mat using Guid(7d8c6be5b645a5a47b280f721150babe) Importer(815301076,1909f56bfc062723c751e8b465ee728b)  -> (artifact id: '5562603cb9c8f2d9f66b9734addf791a') in 0.012933 seconds 
Number of updated asset objects reloaded before import = 0
Number of asset objects unloaded after import = 1
========================================================================
Received Import Request.
  Time since last request: 0.000017 seconds.
  path: Assets/Models/Cars Damaged/Car Materials/p12-glass.mat
  artifactKey: Guid(abd45bf8d27c0264c9d558d949016244) Importer(815301076,1909f56bfc062723c751e8b465ee728b)
Start importing Assets/Models/Cars Damaged/Car Materials/p12-glass.mat using Guid(abd45bf8d27c0264c9d558d949016244) Importer(815301076,1909f56bfc062723c751e8b465ee728b)  -> (artifact id: '675ea383cf85b288d93bbd775e3711c6') in 0.011085 seconds 
Number of updated asset objects reloaded before import = 0
Number of asset objects unloaded after import = 1
========================================================================
Received Import Request.
  Time since last request: 0.000019 seconds.
  path: Assets/Models/Cars Damaged/Car Materials/06-glass_black_broke.mat
  artifactKey: Guid(6b6529e4effe3474e9d87ce33981142c) Importer(815301076,1909f56bfc062723c751e8b465ee728b)
Start importing Assets/Models/Cars Damaged/Car Materials/06-glass_black_broke.mat using Guid(6b6529e4effe3474e9d87ce33981142c) Importer(815301076,1909f56bfc062723c751e8b465ee728b)  -> (artifact id: '6c8621341bd8a55e1cff3aeede484d4a') in 0.011105 seconds 
Number of updated asset objects reloaded before import = 0
Number of asset objects unloaded after import = 1
Editor requested this worker to shutdown with reason: Scaling down because of idle timeout
TcpMessagingSession - receive error: operation aborted. errorcode: 995, details: The I/O operation has been aborted because of either a thread exit or an application request.
AssetImportWorker is now disconnected from the server
Process exiting
Exiting without the bug reporter. Application will terminate with return code 0